Determining if the pthread_create exist failed with the following output:
Change Dir: /home/pranav/repository.2/mybot_ws/build/mybot_gazebo/CMakeFiles/CMakeTmp

Run Build Command:"/usr/bin/make" "cmTC_acbcf/fast"
/usr/bin/make -f CMakeFiles/cmTC_acbcf.dir/build.make CMakeFiles/cmTC_acbcf.dir/build
make[1]: Entering directory '/home/pranav/repository.2/mybot_ws/build/mybot_gazebo/CMakeFiles/CMakeTmp'
Building C object CMakeFiles/cmTC_acbcf.dir/CheckSymbolExists.c.o
/usr/lib/ccache/cc    -o CMakeFiles/cmTC_acbcf.dir/CheckSymbolExists.c.o   -c /home/pranav/repository.2/mybot_ws/build/mybot_gazebo/CMakeFiles/CMakeTmp/CheckSymbolExists.c
Linking C executable cmTC_acbcf
/usr/bin/cmake -E cmake_link_script CMakeFiles/cmTC_acbcf.dir/link.txt --verbose=1
/usr/lib/ccache/cc      -rdynamic CMakeFiles/cmTC_acbcf.dir/CheckSymbolExists.c.o  -o cmTC_acbcf 
CMakeFiles/cmTC_acbcf.dir/CheckSymbolExists.c.o: In function `main':
CheckSymbolExists.c:(.text+0x1b): undefined reference to `pthread_create'
collect2: error: ld returned 1 exit status
CMakeFiles/cmTC_acbcf.dir/build.make:97: recipe for target 'cmTC_acbcf' failed
make[1]: *** [cmTC_acbcf] Error 1
make[1]: Leaving directory '/home/pranav/repository.2/mybot_ws/build/mybot_gazebo/CMakeFiles/CMakeTmp'
Makefile:126: recipe for target 'cmTC_acbcf/fast' failed
make: *** [cmTC_acbcf/fast] Error 2

File /home/pranav/repository.2/mybot_ws/build/mybot_gazebo/CMakeFiles/CMakeTmp/CheckSymbolExists.c:
/* */
#include <pthread.h>

int main(int argc, char** argv)
{
  (void)argv;
#ifndef pthread_create
  return ((int*)(&pthread_create))[argc];
#else
  (void)argc;
  return 0;
#endif
}

Determining if the function pthread_create exists in the pthreads failed with the following output:
Change Dir: /home/pranav/repository.2/mybot_ws/build/mybot_gazebo/CMakeFiles/CMakeTmp

Run Build Command:"/usr/bin/make" "cmTC_7558f/fast"
/usr/bin/make -f CMakeFiles/cmTC_7558f.dir/build.make CMakeFiles/cmTC_7558f.dir/build
make[1]: Entering directory '/home/pranav/repository.2/mybot_ws/build/mybot_gazebo/CMakeFiles/CMakeTmp'
Building C object CMakeFiles/cmTC_7558f.dir/CheckFunctionExists.c.o
/usr/lib/ccache/cc   -DCHECK_FUNCTION_EXISTS=pthread_create   -o CMakeFiles/cmTC_7558f.dir/CheckFunctionExists.c.o   -c /usr/share/cmake-3.10/Modules/CheckFunctionExists.c
Linking C executable cmTC_7558f
/usr/bin/cmake -E cmake_link_script CMakeFiles/cmTC_7558f.dir/link.txt --verbose=1
/usr/lib/ccache/cc  -DCHECK_FUNCTION_EXISTS=pthread_create    -rdynamic CMakeFiles/cmTC_7558f.dir/CheckFunctionExists.c.o  -o cmTC_7558f -lpthreads 
/usr/bin/ld: cannot find -lpthreads
collect2: error: ld returned 1 exit status
CMakeFiles/cmTC_7558f.dir/build.make:97: recipe for target 'cmTC_7558f' failed
make[1]: *** [cmTC_7558f] Error 1
make[1]: Leaving directory '/home/pranav/repository.2/mybot_ws/build/mybot_gazebo/CMakeFiles/CMakeTmp'
Makefile:126: recipe for target 'cmTC_7558f/fast' failed
make: *** [cmTC_7558f/fast] Error 2


