Determining if the pthread_create exist failed with the following output:
Change Dir: /home/pranav/repository.2/bot_new/build/catkin_tools_prebuild/CMakeFiles/CMakeTmp

Run Build Command:"/usr/bin/make" "cmTC_a50db/fast"
/usr/bin/make -f CMakeFiles/cmTC_a50db.dir/build.make CMakeFiles/cmTC_a50db.dir/build
make[1]: Entering directory '/home/pranav/repository.2/bot_new/build/catkin_tools_prebuild/CMakeFiles/CMakeTmp'
Building C object CMakeFiles/cmTC_a50db.dir/CheckSymbolExists.c.o
/usr/lib/ccache/cc    -o CMakeFiles/cmTC_a50db.dir/CheckSymbolExists.c.o   -c /home/pranav/repository.2/bot_new/build/catkin_tools_prebuild/CMakeFiles/CMakeTmp/CheckSymbolExists.c
Linking C executable cmTC_a50db
/usr/bin/cmake -E cmake_link_script CMakeFiles/cmTC_a50db.dir/link.txt --verbose=1
/usr/lib/ccache/cc      -rdynamic CMakeFiles/cmTC_a50db.dir/CheckSymbolExists.c.o  -o cmTC_a50db 
CMakeFiles/cmTC_a50db.dir/CheckSymbolExists.c.o: In function `main':
CheckSymbolExists.c:(.text+0x1b): undefined reference to `pthread_create'
collect2: error: ld returned 1 exit status
CMakeFiles/cmTC_a50db.dir/build.make:97: recipe for target 'cmTC_a50db' failed
make[1]: *** [cmTC_a50db] Error 1
make[1]: Leaving directory '/home/pranav/repository.2/bot_new/build/catkin_tools_prebuild/CMakeFiles/CMakeTmp'
Makefile:126: recipe for target 'cmTC_a50db/fast' failed
make: *** [cmTC_a50db/fast] Error 2

File /home/pranav/repository.2/bot_new/build/catkin_tools_prebuild/CMakeFiles/CMakeTmp/CheckSymbolExists.c:
/* */
#include <pthread.h>

int main(int argc, char** argv)
{
  (void)argv;
#ifndef pthread_create
  return ((int*)(&pthread_create))[argc];
#else
  (void)argc;
  return 0;
#endif
}

Determining if the function pthread_create exists in the pthreads failed with the following output:
Change Dir: /home/pranav/repository.2/bot_new/build/catkin_tools_prebuild/CMakeFiles/CMakeTmp

Run Build Command:"/usr/bin/make" "cmTC_bbd6e/fast"
/usr/bin/make -f CMakeFiles/cmTC_bbd6e.dir/build.make CMakeFiles/cmTC_bbd6e.dir/build
make[1]: Entering directory '/home/pranav/repository.2/bot_new/build/catkin_tools_prebuild/CMakeFiles/CMakeTmp'
Building C object CMakeFiles/cmTC_bbd6e.dir/CheckFunctionExists.c.o
/usr/lib/ccache/cc   -DCHECK_FUNCTION_EXISTS=pthread_create   -o CMakeFiles/cmTC_bbd6e.dir/CheckFunctionExists.c.o   -c /usr/share/cmake-3.10/Modules/CheckFunctionExists.c
Linking C executable cmTC_bbd6e
/usr/bin/cmake -E cmake_link_script CMakeFiles/cmTC_bbd6e.dir/link.txt --verbose=1
/usr/lib/ccache/cc  -DCHECK_FUNCTION_EXISTS=pthread_create    -rdynamic CMakeFiles/cmTC_bbd6e.dir/CheckFunctionExists.c.o  -o cmTC_bbd6e -lpthreads 
/usr/bin/ld: cannot find -lpthreads
collect2: error: ld returned 1 exit status
CMakeFiles/cmTC_bbd6e.dir/build.make:97: recipe for target 'cmTC_bbd6e' failed
make[1]: *** [cmTC_bbd6e] Error 1
make[1]: Leaving directory '/home/pranav/repository.2/bot_new/build/catkin_tools_prebuild/CMakeFiles/CMakeTmp'
Makefile:126: recipe for target 'cmTC_bbd6e/fast' failed
make: *** [cmTC_bbd6e/fast] Error 2


