Determining if the pthread_create exist failed with the following output:
Change Dir: /home/pranav/repository.2/bot_new/build/mybot_description/CMakeFiles/CMakeTmp

Run Build Command:"/usr/bin/make" "cmTC_feea4/fast"
/usr/bin/make -f CMakeFiles/cmTC_feea4.dir/build.make CMakeFiles/cmTC_feea4.dir/build
make[1]: Entering directory '/home/pranav/repository.2/bot_new/build/mybot_description/CMakeFiles/CMakeTmp'
Building C object CMakeFiles/cmTC_feea4.dir/CheckSymbolExists.c.o
/usr/lib/ccache/cc    -o CMakeFiles/cmTC_feea4.dir/CheckSymbolExists.c.o   -c /home/pranav/repository.2/bot_new/build/mybot_description/CMakeFiles/CMakeTmp/CheckSymbolExists.c
Linking C executable cmTC_feea4
/usr/bin/cmake -E cmake_link_script CMakeFiles/cmTC_feea4.dir/link.txt --verbose=1
/usr/lib/ccache/cc      -rdynamic CMakeFiles/cmTC_feea4.dir/CheckSymbolExists.c.o  -o cmTC_feea4 
CMakeFiles/cmTC_feea4.dir/CheckSymbolExists.c.o: In function `main':
CheckSymbolExists.c:(.text+0x1b): undefined reference to `pthread_create'
collect2: error: ld returned 1 exit status
CMakeFiles/cmTC_feea4.dir/build.make:97: recipe for target 'cmTC_feea4' failed
make[1]: *** [cmTC_feea4] Error 1
make[1]: Leaving directory '/home/pranav/repository.2/bot_new/build/mybot_description/CMakeFiles/CMakeTmp'
Makefile:126: recipe for target 'cmTC_feea4/fast' failed
make: *** [cmTC_feea4/fast] Error 2

File /home/pranav/repository.2/bot_new/build/mybot_description/CMakeFiles/CMakeTmp/CheckSymbolExists.c:
/* */
#include <pthread.h>

int main(int argc, char** argv)
{
  (void)argv;
#ifndef pthread_create
  return ((int*)(&pthread_create))[argc];
#else
  (void)argc;
  return 0;
#endif
}

Determining if the function pthread_create exists in the pthreads failed with the following output:
Change Dir: /home/pranav/repository.2/bot_new/build/mybot_description/CMakeFiles/CMakeTmp

Run Build Command:"/usr/bin/make" "cmTC_19f57/fast"
/usr/bin/make -f CMakeFiles/cmTC_19f57.dir/build.make CMakeFiles/cmTC_19f57.dir/build
make[1]: Entering directory '/home/pranav/repository.2/bot_new/build/mybot_description/CMakeFiles/CMakeTmp'
Building C object CMakeFiles/cmTC_19f57.dir/CheckFunctionExists.c.o
/usr/lib/ccache/cc   -DCHECK_FUNCTION_EXISTS=pthread_create   -o CMakeFiles/cmTC_19f57.dir/CheckFunctionExists.c.o   -c /usr/share/cmake-3.10/Modules/CheckFunctionExists.c
Linking C executable cmTC_19f57
/usr/bin/cmake -E cmake_link_script CMakeFiles/cmTC_19f57.dir/link.txt --verbose=1
/usr/lib/ccache/cc  -DCHECK_FUNCTION_EXISTS=pthread_create    -rdynamic CMakeFiles/cmTC_19f57.dir/CheckFunctionExists.c.o  -o cmTC_19f57 -lpthreads 
/usr/bin/ld: cannot find -lpthreads
collect2: error: ld returned 1 exit status
CMakeFiles/cmTC_19f57.dir/build.make:97: recipe for target 'cmTC_19f57' failed
make[1]: *** [cmTC_19f57] Error 1
make[1]: Leaving directory '/home/pranav/repository.2/bot_new/build/mybot_description/CMakeFiles/CMakeTmp'
Makefile:126: recipe for target 'cmTC_19f57/fast' failed
make: *** [cmTC_19f57/fast] Error 2


