Determining if the pthread_create exist failed with the following output:
Change Dir: /home/pranav/repository.2/sandbox/build/CMakeFiles/CMakeTmp

Run Build Command:"/usr/bin/make" "cmTC_cbc6a/fast"
/usr/bin/make -f CMakeFiles/cmTC_cbc6a.dir/build.make CMakeFiles/cmTC_cbc6a.dir/build
make[1]: Entering directory '/home/pranav/repository.2/sandbox/build/CMakeFiles/CMakeTmp'
Building C object CMakeFiles/cmTC_cbc6a.dir/CheckSymbolExists.c.o
/usr/lib/ccache/cc    -o CMakeFiles/cmTC_cbc6a.dir/CheckSymbolExists.c.o   -c /home/pranav/repository.2/sandbox/build/CMakeFiles/CMakeTmp/CheckSymbolExists.c
Linking C executable cmTC_cbc6a
/usr/bin/cmake -E cmake_link_script CMakeFiles/cmTC_cbc6a.dir/link.txt --verbose=1
/usr/lib/ccache/cc      -rdynamic CMakeFiles/cmTC_cbc6a.dir/CheckSymbolExists.c.o  -o cmTC_cbc6a 
CMakeFiles/cmTC_cbc6a.dir/CheckSymbolExists.c.o: In function `main':
CheckSymbolExists.c:(.text+0x1b): undefined reference to `pthread_create'
collect2: error: ld returned 1 exit status
CMakeFiles/cmTC_cbc6a.dir/build.make:97: recipe for target 'cmTC_cbc6a' failed
make[1]: *** [cmTC_cbc6a] Error 1
make[1]: Leaving directory '/home/pranav/repository.2/sandbox/build/CMakeFiles/CMakeTmp'
Makefile:126: recipe for target 'cmTC_cbc6a/fast' failed
make: *** [cmTC_cbc6a/fast] Error 2

File /home/pranav/repository.2/sandbox/build/CMakeFiles/CMakeTmp/CheckSymbolExists.c:
/* */
#include <pthread.h>

int main(int argc, char** argv)
{
  (void)argv;
#ifndef pthread_create
  return ((int*)(&pthread_create))[argc];
#else
  (void)argc;
  return 0;
#endif
}

Determining if the function pthread_create exists in the pthreads failed with the following output:
Change Dir: /home/pranav/repository.2/sandbox/build/CMakeFiles/CMakeTmp

Run Build Command:"/usr/bin/make" "cmTC_5b63b/fast"
/usr/bin/make -f CMakeFiles/cmTC_5b63b.dir/build.make CMakeFiles/cmTC_5b63b.dir/build
make[1]: Entering directory '/home/pranav/repository.2/sandbox/build/CMakeFiles/CMakeTmp'
Building C object CMakeFiles/cmTC_5b63b.dir/CheckFunctionExists.c.o
/usr/lib/ccache/cc   -DCHECK_FUNCTION_EXISTS=pthread_create   -o CMakeFiles/cmTC_5b63b.dir/CheckFunctionExists.c.o   -c /usr/share/cmake-3.10/Modules/CheckFunctionExists.c
Linking C executable cmTC_5b63b
/usr/bin/cmake -E cmake_link_script CMakeFiles/cmTC_5b63b.dir/link.txt --verbose=1
/usr/lib/ccache/cc  -DCHECK_FUNCTION_EXISTS=pthread_create    -rdynamic CMakeFiles/cmTC_5b63b.dir/CheckFunctionExists.c.o  -o cmTC_5b63b -lpthreads 
/usr/bin/ld: cannot find -lpthreads
collect2: error: ld returned 1 exit status
CMakeFiles/cmTC_5b63b.dir/build.make:97: recipe for target 'cmTC_5b63b' failed
make[1]: *** [cmTC_5b63b] Error 1
make[1]: Leaving directory '/home/pranav/repository.2/sandbox/build/CMakeFiles/CMakeTmp'
Makefile:126: recipe for target 'cmTC_5b63b/fast' failed
make: *** [cmTC_5b63b/fast] Error 2


