2021-05-29 15:14:18,578 INFO  Logger.cs: 70 - 
--------------------------------------------------------------------------------
2021-05-29 15:14:18,966 INFO  Logger.cs: 71 - Logging commencing for SW2URDF exporter
2021-05-29 15:14:18,969 INFO  Logger.cs: 73 - Commit version 1.6.0-1-g15f4949
2021-05-29 15:14:18,970 INFO  Logger.cs: 74 - Build version 1.6.7594.29634
2021-05-29 15:14:18,995 INFO  SwAddin.cs: 192 - Attempting to connect to SW
2021-05-29 15:14:18,997 INFO  SwAddin.cs: 197 - Setting up callbacks
2021-05-29 15:14:18,999 INFO  SwAddin.cs: 201 - Setting up command manager
2021-05-29 15:14:19,000 INFO  SwAddin.cs: 204 - Adding command manager
2021-05-29 15:14:19,035 INFO  SwAddin.cs: 263 - Adding Assembly export to file menu
2021-05-29 15:14:19,039 INFO  SwAddin.cs: 272 - Adding Part export to file menu
2021-05-29 15:14:19,040 INFO  SwAddin.cs: 210 - Adding event handlers
2021-05-29 15:14:19,707 INFO  SwAddin.cs: 217 - Connecting plugin to SolidWorks
2021-05-29 15:22:23,821 INFO  SwAddin.cs: 351 - Part export called
2021-05-29 15:22:24,459 INFO  ExportHelperExtension.cs: 1125 - Retrieving features of type [CoordSys] from Part1
2021-05-29 15:22:24,563 INFO  ExportHelperExtension.cs: 1136 - Found 24 in Part1
2021-05-29 15:22:24,563 INFO  ExportHelperExtension.cs: 1145 - Found 0 features of type [CoordSys] in Part1
2021-05-29 15:22:24,564 INFO  ExportHelperExtension.cs: 1125 - Retrieving features of type [RefAxis] from Part1
2021-05-29 15:22:24,565 INFO  ExportHelperExtension.cs: 1136 - Found 24 in Part1
2021-05-29 15:22:24,565 INFO  ExportHelperExtension.cs: 1145 - Found 0 features of type [RefAxis] in Part1
2021-05-29 15:22:24,566 INFO  SwAddin.cs: 367 - Showing part
2021-05-29 15:22:50,054 INFO  SwAddin.cs: 351 - Part export called
2021-05-29 15:22:50,069 INFO  ExportHelperExtension.cs: 1125 - Retrieving features of type [CoordSys] from Part1
2021-05-29 15:22:50,070 INFO  ExportHelperExtension.cs: 1136 - Found 24 in Part1
2021-05-29 15:22:50,071 INFO  ExportHelperExtension.cs: 1145 - Found 0 features of type [CoordSys] in Part1
2021-05-29 15:22:50,071 INFO  ExportHelperExtension.cs: 1125 - Retrieving features of type [RefAxis] from Part1
2021-05-29 15:22:50,072 INFO  ExportHelperExtension.cs: 1136 - Found 24 in Part1
2021-05-29 15:22:50,073 INFO  ExportHelperExtension.cs: 1145 - Found 0 features of type [RefAxis] in Part1
2021-05-29 15:22:50,073 INFO  SwAddin.cs: 367 - Showing part
2021-05-29 15:22:58,628 INFO  SwAddin.cs: 351 - Part export called
2021-05-29 15:22:58,642 INFO  ExportHelperExtension.cs: 1125 - Retrieving features of type [CoordSys] from Part1
2021-05-29 15:22:58,643 INFO  ExportHelperExtension.cs: 1136 - Found 24 in Part1
2021-05-29 15:22:58,644 INFO  ExportHelperExtension.cs: 1145 - Found 0 features of type [CoordSys] in Part1
2021-05-29 15:22:58,644 INFO  ExportHelperExtension.cs: 1125 - Retrieving features of type [RefAxis] from Part1
2021-05-29 15:22:58,645 INFO  ExportHelperExtension.cs: 1136 - Found 24 in Part1
2021-05-29 15:22:58,646 INFO  ExportHelperExtension.cs: 1145 - Found 0 features of type [RefAxis] in Part1
2021-05-29 15:22:58,646 INFO  SwAddin.cs: 367 - Showing part
2021-05-29 15:23:11,418 INFO  SwAddin.cs: 351 - Part export called
2021-05-29 15:23:11,431 INFO  ExportHelperExtension.cs: 1125 - Retrieving features of type [CoordSys] from Part1
2021-05-29 15:23:11,432 INFO  ExportHelperExtension.cs: 1136 - Found 24 in Part1
2021-05-29 15:23:11,433 INFO  ExportHelperExtension.cs: 1145 - Found 0 features of type [CoordSys] in Part1
2021-05-29 15:23:11,433 INFO  ExportHelperExtension.cs: 1125 - Retrieving features of type [RefAxis] from Part1
2021-05-29 15:23:11,434 INFO  ExportHelperExtension.cs: 1136 - Found 24 in Part1
2021-05-29 15:23:11,434 INFO  ExportHelperExtension.cs: 1145 - Found 0 features of type [RefAxis] in Part1
2021-05-29 15:23:11,435 INFO  SwAddin.cs: 367 - Showing part
2021-05-29 15:24:25,144 INFO  SwAddin.cs: 351 - Part export called
2021-05-29 15:24:25,158 INFO  ExportHelperExtension.cs: 1125 - Retrieving features of type [CoordSys] from Part1
2021-05-29 15:24:25,159 INFO  ExportHelperExtension.cs: 1136 - Found 24 in Part1
2021-05-29 15:24:25,159 INFO  ExportHelperExtension.cs: 1145 - Found 0 features of type [CoordSys] in Part1
2021-05-29 15:24:25,160 INFO  ExportHelperExtension.cs: 1125 - Retrieving features of type [RefAxis] from Part1
2021-05-29 15:24:25,160 INFO  ExportHelperExtension.cs: 1136 - Found 24 in Part1
2021-05-29 15:24:25,161 INFO  ExportHelperExtension.cs: 1145 - Found 0 features of type [RefAxis] in Part1
2021-05-29 15:24:25,164 INFO  SwAddin.cs: 367 - Showing part
2021-05-29 15:25:30,246 INFO  SwAddin.cs: 351 - Part export called
2021-05-29 15:25:30,265 INFO  ExportHelperExtension.cs: 1125 - Retrieving features of type [CoordSys] from plank
2021-05-29 15:25:30,266 INFO  ExportHelperExtension.cs: 1136 - Found 24 in plank
2021-05-29 15:25:30,267 INFO  ExportHelperExtension.cs: 1145 - Found 0 features of type [CoordSys] in plank
2021-05-29 15:25:30,268 INFO  ExportHelperExtension.cs: 1125 - Retrieving features of type [RefAxis] from plank
2021-05-29 15:25:30,268 INFO  ExportHelperExtension.cs: 1136 - Found 24 in plank
2021-05-29 15:25:30,269 INFO  ExportHelperExtension.cs: 1145 - Found 0 features of type [RefAxis] in plank
2021-05-29 15:25:30,269 INFO  SwAddin.cs: 367 - Showing part
2021-05-29 15:26:04,219 INFO  SwAddin.cs: 351 - Part export called
2021-05-29 15:26:04,232 INFO  ExportHelperExtension.cs: 1125 - Retrieving features of type [CoordSys] from plank
2021-05-29 15:26:04,233 INFO  ExportHelperExtension.cs: 1136 - Found 24 in plank
2021-05-29 15:26:04,234 INFO  ExportHelperExtension.cs: 1145 - Found 0 features of type [CoordSys] in plank
2021-05-29 15:26:04,235 INFO  ExportHelperExtension.cs: 1125 - Retrieving features of type [RefAxis] from plank
2021-05-29 15:26:04,235 INFO  ExportHelperExtension.cs: 1136 - Found 24 in plank
2021-05-29 15:26:04,235 INFO  ExportHelperExtension.cs: 1145 - Found 0 features of type [RefAxis] in plank
2021-05-29 15:26:04,236 INFO  SwAddin.cs: 367 - Showing part
2021-05-29 15:26:52,491 INFO  SwAddin.cs: 282 - Removing assembly export from file menu
2021-05-29 15:26:52,493 INFO  SwAddin.cs: 284 - Removing part export from file menu
2021-05-29 15:26:53,387 INFO  SwAddin.cs: 237 - Disconnecting plugin from SolidWorks
2021-05-29 15:27:06,304 INFO  SwAddin.cs: 192 - Attempting to connect to SW
2021-05-29 15:27:06,307 INFO  SwAddin.cs: 197 - Setting up callbacks
2021-05-29 15:27:06,308 INFO  SwAddin.cs: 201 - Setting up command manager
2021-05-29 15:27:06,308 INFO  SwAddin.cs: 204 - Adding command manager
2021-05-29 15:27:06,310 INFO  SwAddin.cs: 263 - Adding Assembly export to file menu
2021-05-29 15:27:06,312 INFO  SwAddin.cs: 272 - Adding Part export to file menu
2021-05-29 15:27:06,313 INFO  SwAddin.cs: 210 - Adding event handlers
2021-05-29 15:27:06,315 INFO  SwAddin.cs: 217 - Connecting plugin to SolidWorks
2021-05-29 15:27:10,169 INFO  SwAddin.cs: 351 - Part export called
2021-05-29 15:27:10,185 INFO  ExportHelperExtension.cs: 1125 - Retrieving features of type [CoordSys] from plank
2021-05-29 15:27:10,187 INFO  ExportHelperExtension.cs: 1136 - Found 24 in plank
2021-05-29 15:27:10,187 INFO  ExportHelperExtension.cs: 1145 - Found 0 features of type [CoordSys] in plank
2021-05-29 15:27:10,188 INFO  ExportHelperExtension.cs: 1125 - Retrieving features of type [RefAxis] from plank
2021-05-29 15:27:10,189 INFO  ExportHelperExtension.cs: 1136 - Found 24 in plank
2021-05-29 15:27:10,189 INFO  ExportHelperExtension.cs: 1145 - Found 0 features of type [RefAxis] in plank
2021-05-29 15:27:10,190 INFO  SwAddin.cs: 367 - Showing part
2021-05-29 15:27:14,160 INFO  SwAddin.cs: 351 - Part export called
2021-05-29 15:27:14,172 INFO  ExportHelperExtension.cs: 1125 - Retrieving features of type [CoordSys] from plank
2021-05-29 15:27:14,173 INFO  ExportHelperExtension.cs: 1136 - Found 24 in plank
2021-05-29 15:27:14,173 INFO  ExportHelperExtension.cs: 1145 - Found 0 features of type [CoordSys] in plank
2021-05-29 15:27:14,174 INFO  ExportHelperExtension.cs: 1125 - Retrieving features of type [RefAxis] from plank
2021-05-29 15:27:14,174 INFO  ExportHelperExtension.cs: 1136 - Found 24 in plank
2021-05-29 15:27:14,175 INFO  ExportHelperExtension.cs: 1145 - Found 0 features of type [RefAxis] in plank
2021-05-29 15:27:14,175 INFO  SwAddin.cs: 367 - Showing part
2021-05-29 15:27:22,514 INFO  SwAddin.cs: 282 - Removing assembly export from file menu
2021-05-29 15:27:22,516 INFO  SwAddin.cs: 284 - Removing part export from file menu
2021-05-29 15:27:22,588 INFO  SwAddin.cs: 237 - Disconnecting plugin from SolidWorks
2021-05-29 15:27:27,809 INFO  SwAddin.cs: 192 - Attempting to connect to SW
2021-05-29 15:27:27,811 INFO  SwAddin.cs: 197 - Setting up callbacks
2021-05-29 15:27:27,811 INFO  SwAddin.cs: 201 - Setting up command manager
2021-05-29 15:27:27,812 INFO  SwAddin.cs: 204 - Adding command manager
2021-05-29 15:27:27,814 INFO  SwAddin.cs: 263 - Adding Assembly export to file menu
2021-05-29 15:27:27,816 INFO  SwAddin.cs: 272 - Adding Part export to file menu
2021-05-29 15:27:27,817 INFO  SwAddin.cs: 210 - Adding event handlers
2021-05-29 15:27:27,819 INFO  SwAddin.cs: 217 - Connecting plugin to SolidWorks
2021-05-29 15:27:31,594 INFO  SwAddin.cs: 351 - Part export called
2021-05-29 15:27:31,608 INFO  ExportHelperExtension.cs: 1125 - Retrieving features of type [CoordSys] from plank
2021-05-29 15:27:31,609 INFO  ExportHelperExtension.cs: 1136 - Found 24 in plank
2021-05-29 15:27:31,610 INFO  ExportHelperExtension.cs: 1145 - Found 0 features of type [CoordSys] in plank
2021-05-29 15:27:31,610 INFO  ExportHelperExtension.cs: 1125 - Retrieving features of type [RefAxis] from plank
2021-05-29 15:27:31,611 INFO  ExportHelperExtension.cs: 1136 - Found 24 in plank
2021-05-29 15:27:31,611 INFO  ExportHelperExtension.cs: 1145 - Found 0 features of type [RefAxis] in plank
2021-05-29 15:27:31,612 INFO  SwAddin.cs: 367 - Showing part
2021-05-29 15:28:12,077 INFO  SwAddin.cs: 351 - Part export called
2021-05-29 15:28:12,089 INFO  ExportHelperExtension.cs: 1125 - Retrieving features of type [CoordSys] from Rhiz_Hopper_New
2021-05-29 15:28:12,091 INFO  ExportHelperExtension.cs: 1136 - Found 30 in Rhiz_Hopper_New
2021-05-29 15:28:12,091 INFO  ExportHelperExtension.cs: 1145 - Found 0 features of type [CoordSys] in Rhiz_Hopper_New
2021-05-29 15:28:12,092 INFO  ExportHelperExtension.cs: 1125 - Retrieving features of type [RefAxis] from Rhiz_Hopper_New
2021-05-29 15:28:12,092 INFO  ExportHelperExtension.cs: 1136 - Found 30 in Rhiz_Hopper_New
2021-05-29 15:28:12,093 INFO  ExportHelperExtension.cs: 1145 - Found 1 features of type [RefAxis] in Rhiz_Hopper_New
2021-05-29 15:28:12,327 INFO  SwAddin.cs: 367 - Showing part
2021-05-29 15:29:04,381 INFO  SwAddin.cs: 294 - Assembly export called for file tranplantation_final_mechanism
2021-05-29 15:32:51,557 INFO  SwAddin.cs: 294 - Assembly export called for file final_plank
2021-05-29 15:32:51,558 INFO  SwAddin.cs: 299 - Save is required
2021-05-29 15:32:51,558 INFO  SwAddin.cs: 313 - Saving assembly
2021-05-29 15:32:53,201 INFO  SwAddin.cs: 316 - Opening property manager
2021-05-29 15:32:53,231 INFO  ExportHelperExtension.cs: 1125 - Retrieving features of type [CoordSys] from final_plank
2021-05-29 15:32:53,250 INFO  ExportHelperExtension.cs: 1136 - Found 23 in final_plank
2021-05-29 15:32:53,250 INFO  ExportHelperExtension.cs: 1145 - Found 0 features of type [CoordSys] in final_plank
2021-05-29 15:32:53,251 INFO  ExportHelperExtension.cs: 1148 - Proceeding through assembly components
2021-05-29 15:32:53,304 INFO  ExportHelperExtension.cs: 1160 - 2 components to check
2021-05-29 15:32:53,318 INFO  ExportHelperExtension.cs: 1125 - Retrieving features of type [CoordSys] from plank-1
2021-05-29 15:32:53,319 INFO  ExportHelperExtension.cs: 1136 - Found 22 in plank-1
2021-05-29 15:32:53,320 INFO  ExportHelperExtension.cs: 1145 - Found 0 features of type [CoordSys] in plank-1
2021-05-29 15:32:53,320 INFO  ExportHelperExtension.cs: 1125 - Retrieving features of type [CoordSys] from plank_upper-1
2021-05-29 15:32:53,321 INFO  ExportHelperExtension.cs: 1136 - Found 23 in plank_upper-1
2021-05-29 15:32:53,321 INFO  ExportHelperExtension.cs: 1145 - Found 0 features of type [CoordSys] in plank_upper-1
2021-05-29 15:32:53,322 INFO  ExportHelperExtension.cs: 1125 - Retrieving features of type [RefAxis] from final_plank
2021-05-29 15:32:53,322 INFO  ExportHelperExtension.cs: 1136 - Found 23 in final_plank
2021-05-29 15:32:53,323 INFO  ExportHelperExtension.cs: 1145 - Found 0 features of type [RefAxis] in final_plank
2021-05-29 15:32:53,323 INFO  ExportHelperExtension.cs: 1148 - Proceeding through assembly components
2021-05-29 15:32:53,324 INFO  ExportHelperExtension.cs: 1160 - 2 components to check
2021-05-29 15:32:53,324 INFO  ExportHelperExtension.cs: 1125 - Retrieving features of type [RefAxis] from plank-1
2021-05-29 15:32:53,325 INFO  ExportHelperExtension.cs: 1136 - Found 22 in plank-1
2021-05-29 15:32:53,325 INFO  ExportHelperExtension.cs: 1145 - Found 0 features of type [RefAxis] in plank-1
2021-05-29 15:32:53,326 INFO  ExportHelperExtension.cs: 1125 - Retrieving features of type [RefAxis] from plank_upper-1
2021-05-29 15:32:53,326 INFO  ExportHelperExtension.cs: 1136 - Found 23 in plank_upper-1
2021-05-29 15:32:53,327 INFO  ExportHelperExtension.cs: 1145 - Found 0 features of type [RefAxis] in plank_upper-1
2021-05-29 15:32:54,343 INFO  SwAddin.cs: 339 - Loading config tree
2021-05-29 15:32:54,404 INFO  ExportPropertyManagerExtension.cs: 520 - Starting new configuration
2021-05-29 15:32:54,425 INFO  SwAddin.cs: 344 - Showing property manager
2021-05-29 15:33:10,531 INFO  ExportPropertyManager.cs: 1136 - OnNumberBoxTrackingCompleted called. This method no longer throws an Exception. It just silently does nothing. Ok, except for this logging message
2021-05-29 15:33:11,521 INFO  ExportPropertyManager.cs: 1136 - OnNumberBoxTrackingCompleted called. This method no longer throws an Exception. It just silently does nothing. Ok, except for this logging message
2021-05-29 15:33:32,346 INFO  ExportPropertyManager.cs: 422 - Configuration saved
2021-05-29 15:33:36,997 INFO  ExportHelperExtension.cs: 1125 - Retrieving features of type [CoordSys] from final_plank
2021-05-29 15:33:37,107 INFO  ExportHelperExtension.cs: 1136 - Found 26 in final_plank
2021-05-29 15:33:37,108 INFO  ExportHelperExtension.cs: 1145 - Found 1 features of type [CoordSys] in final_plank
2021-05-29 15:33:37,108 INFO  ExportHelperExtension.cs: 1148 - Proceeding through assembly components
2021-05-29 15:33:37,109 INFO  ExportHelperExtension.cs: 1160 - 2 components to check
2021-05-29 15:33:37,109 INFO  ExportHelperExtension.cs: 1125 - Retrieving features of type [CoordSys] from plank-1
2021-05-29 15:33:37,110 INFO  ExportHelperExtension.cs: 1136 - Found 22 in plank-1
2021-05-29 15:33:37,111 INFO  ExportHelperExtension.cs: 1145 - Found 0 features of type [CoordSys] in plank-1
2021-05-29 15:33:37,111 INFO  ExportHelperExtension.cs: 1125 - Retrieving features of type [CoordSys] from plank_upper-1
2021-05-29 15:33:37,112 INFO  ExportHelperExtension.cs: 1136 - Found 23 in plank_upper-1
2021-05-29 15:33:37,112 INFO  ExportHelperExtension.cs: 1145 - Found 0 features of type [CoordSys] in plank_upper-1
2021-05-29 15:33:37,112 INFO  ExportHelperExtension.cs: 1125 - Retrieving features of type [RefAxis] from final_plank
2021-05-29 15:33:37,113 INFO  ExportHelperExtension.cs: 1136 - Found 26 in final_plank
2021-05-29 15:33:37,113 INFO  ExportHelperExtension.cs: 1145 - Found 0 features of type [RefAxis] in final_plank
2021-05-29 15:33:37,114 INFO  ExportHelperExtension.cs: 1148 - Proceeding through assembly components
2021-05-29 15:33:37,114 INFO  ExportHelperExtension.cs: 1160 - 2 components to check
2021-05-29 15:33:37,115 INFO  ExportHelperExtension.cs: 1125 - Retrieving features of type [RefAxis] from plank-1
2021-05-29 15:33:37,115 INFO  ExportHelperExtension.cs: 1136 - Found 22 in plank-1
2021-05-29 15:33:37,116 INFO  ExportHelperExtension.cs: 1145 - Found 0 features of type [RefAxis] in plank-1
2021-05-29 15:33:37,116 INFO  ExportHelperExtension.cs: 1125 - Retrieving features of type [RefAxis] from plank_upper-1
2021-05-29 15:33:37,117 INFO  ExportHelperExtension.cs: 1136 - Found 23 in plank_upper-1
2021-05-29 15:33:37,117 INFO  ExportHelperExtension.cs: 1145 - Found 0 features of type [RefAxis] in plank_upper-1
2021-05-29 15:33:37,184 INFO  ExportPropertyManager.cs: 1142 - AfterClose called. This method no longer throws an Exception. It just silently does nothing. Ok, except for this logging message
2021-05-29 15:34:33,431 INFO  SwAddin.cs: 294 - Assembly export called for file final_plank
2021-05-29 15:34:33,431 INFO  SwAddin.cs: 299 - Save is required
2021-05-29 15:34:33,432 INFO  SwAddin.cs: 313 - Saving assembly
2021-05-29 15:34:33,786 INFO  SwAddin.cs: 316 - Opening property manager
2021-05-29 15:34:33,787 INFO  ExportHelperExtension.cs: 1125 - Retrieving features of type [CoordSys] from final_plank
2021-05-29 15:34:33,788 INFO  ExportHelperExtension.cs: 1136 - Found 23 in final_plank
2021-05-29 15:34:33,788 INFO  ExportHelperExtension.cs: 1145 - Found 0 features of type [CoordSys] in final_plank
2021-05-29 15:34:33,789 INFO  ExportHelperExtension.cs: 1148 - Proceeding through assembly components
2021-05-29 15:34:33,789 INFO  ExportHelperExtension.cs: 1160 - 2 components to check
2021-05-29 15:34:33,790 INFO  ExportHelperExtension.cs: 1125 - Retrieving features of type [CoordSys] from plank-1
2021-05-29 15:34:33,790 INFO  ExportHelperExtension.cs: 1136 - Found 22 in plank-1
2021-05-29 15:34:33,791 INFO  ExportHelperExtension.cs: 1145 - Found 0 features of type [CoordSys] in plank-1
2021-05-29 15:34:33,791 INFO  ExportHelperExtension.cs: 1125 - Retrieving features of type [CoordSys] from plank_upper-1
2021-05-29 15:34:33,792 INFO  ExportHelperExtension.cs: 1136 - Found 23 in plank_upper-1
2021-05-29 15:34:33,792 INFO  ExportHelperExtension.cs: 1145 - Found 0 features of type [CoordSys] in plank_upper-1
2021-05-29 15:34:33,793 INFO  ExportHelperExtension.cs: 1125 - Retrieving features of type [RefAxis] from final_plank
2021-05-29 15:34:33,793 INFO  ExportHelperExtension.cs: 1136 - Found 23 in final_plank
2021-05-29 15:34:33,794 INFO  ExportHelperExtension.cs: 1145 - Found 0 features of type [RefAxis] in final_plank
2021-05-29 15:34:33,800 INFO  ExportHelperExtension.cs: 1148 - Proceeding through assembly components
2021-05-29 15:34:33,815 INFO  ExportHelperExtension.cs: 1160 - 2 components to check
2021-05-29 15:34:33,815 INFO  ExportHelperExtension.cs: 1125 - Retrieving features of type [RefAxis] from plank-1
2021-05-29 15:34:33,816 INFO  ExportHelperExtension.cs: 1136 - Found 22 in plank-1
2021-05-29 15:34:33,817 INFO  ExportHelperExtension.cs: 1145 - Found 0 features of type [RefAxis] in plank-1
2021-05-29 15:34:33,817 INFO  ExportHelperExtension.cs: 1125 - Retrieving features of type [RefAxis] from plank_upper-1
2021-05-29 15:34:33,817 INFO  ExportHelperExtension.cs: 1136 - Found 23 in plank_upper-1
2021-05-29 15:34:33,818 INFO  ExportHelperExtension.cs: 1145 - Found 0 features of type [RefAxis] in plank_upper-1
2021-05-29 15:34:33,981 INFO  SwAddin.cs: 339 - Loading config tree
2021-05-29 15:34:33,982 INFO  ExportPropertyManagerExtension.cs: 520 - Starting new configuration
2021-05-29 15:34:33,988 INFO  SwAddin.cs: 344 - Showing property manager
2021-05-29 15:34:54,959 INFO  ExportPropertyManager.cs: 1018 - OnComboboxSelectionChanged called. This method no longer throws an Exception. It just silently does nothing. Ok, except for this logging message
2021-05-29 15:35:00,618 INFO  ExportPropertyManager.cs: 1136 - OnNumberBoxTrackingCompleted called. This method no longer throws an Exception. It just silently does nothing. Ok, except for this logging message
2021-05-29 15:35:00,764 INFO  ExportPropertyManager.cs: 1136 - OnNumberBoxTrackingCompleted called. This method no longer throws an Exception. It just silently does nothing. Ok, except for this logging message
2021-05-29 15:35:00,933 INFO  ExportPropertyManager.cs: 1136 - OnNumberBoxTrackingCompleted called. This method no longer throws an Exception. It just silently does nothing. Ok, except for this logging message
2021-05-29 15:35:01,118 INFO  ExportPropertyManager.cs: 1136 - OnNumberBoxTrackingCompleted called. This method no longer throws an Exception. It just silently does nothing. Ok, except for this logging message
2021-05-29 15:35:02,299 INFO  ExportPropertyManager.cs: 1136 - OnNumberBoxTrackingCompleted called. This method no longer throws an Exception. It just silently does nothing. Ok, except for this logging message
2021-05-29 15:35:02,610 INFO  ExportPropertyManager.cs: 1136 - OnNumberBoxTrackingCompleted called. This method no longer throws an Exception. It just silently does nothing. Ok, except for this logging message
2021-05-29 15:35:02,835 INFO  ExportPropertyManager.cs: 1136 - OnNumberBoxTrackingCompleted called. This method no longer throws an Exception. It just silently does nothing. Ok, except for this logging message
2021-05-29 15:35:38,958 INFO  ExportPropertyManager.cs: 1136 - OnNumberBoxTrackingCompleted called. This method no longer throws an Exception. It just silently does nothing. Ok, except for this logging message
2021-05-29 15:35:44,717 INFO  ExportPropertyManager.cs: 1136 - OnNumberBoxTrackingCompleted called. This method no longer throws an Exception. It just silently does nothing. Ok, except for this logging message
2021-05-29 15:35:48,294 INFO  ExportPropertyManager.cs: 1136 - OnNumberBoxTrackingCompleted called. This method no longer throws an Exception. It just silently does nothing. Ok, except for this logging message
2021-05-29 15:36:08,957 INFO  ExportPropertyManager.cs: 1036 - OnListboxSelectionChanged called. This method no longer throws an Exception. It just silently does nothing. Ok, except for this logging message
2021-05-29 15:36:36,005 INFO  ExportPropertyManager.cs: 1036 - OnListboxSelectionChanged called. This method no longer throws an Exception. It just silently does nothing. Ok, except for this logging message
2021-05-29 15:36:37,701 INFO  ExportPropertyManager.cs: 1036 - OnListboxSelectionChanged called. This method no longer throws an Exception. It just silently does nothing. Ok, except for this logging message
2021-05-29 15:37:03,145 INFO  ExportPropertyManager.cs: 1018 - OnComboboxSelectionChanged called. This method no longer throws an Exception. It just silently does nothing. Ok, except for this logging message
2021-05-29 15:37:16,864 INFO  ExportPropertyManager.cs: 1018 - OnComboboxSelectionChanged called. This method no longer throws an Exception. It just silently does nothing. Ok, except for this logging message
2021-05-29 15:37:31,095 INFO  ExportPropertyManager.cs: 1018 - OnComboboxSelectionChanged called. This method no longer throws an Exception. It just silently does nothing. Ok, except for this logging message
2021-05-29 15:37:32,226 INFO  ExportPropertyManager.cs: 1018 - OnComboboxSelectionChanged called. This method no longer throws an Exception. It just silently does nothing. Ok, except for this logging message
2021-05-29 15:37:42,005 INFO  ExportPropertyManager.cs: 1018 - OnComboboxSelectionChanged called. This method no longer throws an Exception. It just silently does nothing. Ok, except for this logging message
2021-05-29 15:38:02,734 INFO  ExportPropertyManager.cs: 422 - Configuration saved
2021-05-29 15:38:04,729 INFO  ExportHelperExtension.cs: 347 - Creating joint prism_link
2021-05-29 15:38:04,851 INFO  ExportHelperExtension.cs: 1397 - Fixing components for base_link
2021-05-29 15:38:04,853 INFO  ExportHelperExtension.cs: 1402 - Fixing 22
2021-05-29 15:38:04,853 INFO  ExportHelperExtension.cs: 1402 - Fixing 21
2021-05-29 15:38:04,854 INFO  ExportHelperExtension.cs: 1409 - Component 21 is already fixed
2021-05-29 15:38:05,087 INFO  ExportHelperExtension.cs: 832 - R1: 0, 0
2021-05-29 15:38:05,088 INFO  ExportHelperExtension.cs: 841 - R2: 0, 0
2021-05-29 15:38:05,088 INFO  ExportHelperExtension.cs: 849 - L1: 0
2021-05-29 15:38:05,089 INFO  ExportHelperExtension.cs: 857 - L2: 0
2021-05-29 15:38:05,653 INFO  ExportHelperExtension.cs: 1352 - Unfixing component 22
2021-05-29 15:38:07,144 WARN  ExportHelperExtension.cs: 351 - Creating joint from parent base_link to child prism_link failed
2021-05-29 15:38:07,149 INFO  ExportHelperExtension.cs: 347 - Creating joint plank_Link
2021-05-29 15:38:07,150 INFO  ExportHelperExtension.cs: 1397 - Fixing components for base_link
2021-05-29 15:38:07,151 INFO  ExportHelperExtension.cs: 1402 - Fixing 22
2021-05-29 15:38:07,151 INFO  ExportHelperExtension.cs: 1402 - Fixing 21
2021-05-29 15:38:07,152 INFO  ExportHelperExtension.cs: 1409 - Component 21 is already fixed
2021-05-29 15:38:07,337 INFO  ExportHelperExtension.cs: 832 - R1: 0, 0
2021-05-29 15:38:07,338 INFO  ExportHelperExtension.cs: 841 - R2: 0, 0
2021-05-29 15:38:07,338 INFO  ExportHelperExtension.cs: 849 - L1: 0
2021-05-29 15:38:07,339 INFO  ExportHelperExtension.cs: 857 - L2: 0
2021-05-29 15:38:07,340 INFO  ExportHelperExtension.cs: 1352 - Unfixing component 22
2021-05-29 15:38:08,637 WARN  ExportHelperExtension.cs: 351 - Creating joint from parent base_link to child plank_Link failed
2021-05-29 15:38:08,813 INFO  ExportHelperExtension.cs: 1125 - Retrieving features of type [CoordSys] from final_plank
2021-05-29 15:38:08,814 INFO  ExportHelperExtension.cs: 1136 - Found 28 in final_plank
2021-05-29 15:38:08,815 INFO  ExportHelperExtension.cs: 1145 - Found 3 features of type [CoordSys] in final_plank
2021-05-29 15:38:08,815 INFO  ExportHelperExtension.cs: 1148 - Proceeding through assembly components
2021-05-29 15:38:08,816 INFO  ExportHelperExtension.cs: 1160 - 2 components to check
2021-05-29 15:38:08,816 INFO  ExportHelperExtension.cs: 1125 - Retrieving features of type [CoordSys] from plank-1
2021-05-29 15:38:08,817 INFO  ExportHelperExtension.cs: 1136 - Found 22 in plank-1
2021-05-29 15:38:08,817 INFO  ExportHelperExtension.cs: 1145 - Found 0 features of type [CoordSys] in plank-1
2021-05-29 15:38:08,818 INFO  ExportHelperExtension.cs: 1125 - Retrieving features of type [CoordSys] from plank_upper-1
2021-05-29 15:38:08,818 INFO  ExportHelperExtension.cs: 1136 - Found 23 in plank_upper-1
2021-05-29 15:38:08,819 INFO  ExportHelperExtension.cs: 1145 - Found 0 features of type [CoordSys] in plank_upper-1
2021-05-29 15:38:08,819 INFO  ExportHelperExtension.cs: 1125 - Retrieving features of type [RefAxis] from final_plank
2021-05-29 15:38:08,820 INFO  ExportHelperExtension.cs: 1136 - Found 28 in final_plank
2021-05-29 15:38:08,820 INFO  ExportHelperExtension.cs: 1145 - Found 0 features of type [RefAxis] in final_plank
2021-05-29 15:38:08,821 INFO  ExportHelperExtension.cs: 1148 - Proceeding through assembly components
2021-05-29 15:38:08,821 INFO  ExportHelperExtension.cs: 1160 - 2 components to check
2021-05-29 15:38:08,821 INFO  ExportHelperExtension.cs: 1125 - Retrieving features of type [RefAxis] from plank-1
2021-05-29 15:38:08,822 INFO  ExportHelperExtension.cs: 1136 - Found 22 in plank-1
2021-05-29 15:38:08,822 INFO  ExportHelperExtension.cs: 1145 - Found 0 features of type [RefAxis] in plank-1
2021-05-29 15:38:08,823 INFO  ExportHelperExtension.cs: 1125 - Retrieving features of type [RefAxis] from plank_upper-1
2021-05-29 15:38:08,823 INFO  ExportHelperExtension.cs: 1136 - Found 23 in plank_upper-1
2021-05-29 15:38:08,824 INFO  ExportHelperExtension.cs: 1145 - Found 0 features of type [RefAxis] in plank_upper-1
2021-05-29 15:38:08,885 INFO  ExportPropertyManager.cs: 1142 - AfterClose called. This method no longer throws an Exception. It just silently does nothing. Ok, except for this logging message
2021-05-29 15:39:56,953 INFO  SwAddin.cs: 294 - Assembly export called for file final_plank
2021-05-29 15:39:56,954 INFO  SwAddin.cs: 299 - Save is required
2021-05-29 15:39:56,954 INFO  SwAddin.cs: 313 - Saving assembly
2021-05-29 15:39:57,251 INFO  SwAddin.cs: 316 - Opening property manager
2021-05-29 15:39:57,251 INFO  ExportHelperExtension.cs: 1125 - Retrieving features of type [CoordSys] from final_plank
2021-05-29 15:39:57,252 INFO  ExportHelperExtension.cs: 1136 - Found 23 in final_plank
2021-05-29 15:39:57,252 INFO  ExportHelperExtension.cs: 1145 - Found 0 features of type [CoordSys] in final_plank
2021-05-29 15:39:57,253 INFO  ExportHelperExtension.cs: 1148 - Proceeding through assembly components
2021-05-29 15:39:57,253 INFO  ExportHelperExtension.cs: 1160 - 2 components to check
2021-05-29 15:39:57,254 INFO  ExportHelperExtension.cs: 1125 - Retrieving features of type [CoordSys] from plank-1
2021-05-29 15:39:57,255 INFO  ExportHelperExtension.cs: 1136 - Found 22 in plank-1
2021-05-29 15:39:57,255 INFO  ExportHelperExtension.cs: 1145 - Found 0 features of type [CoordSys] in plank-1
2021-05-29 15:39:57,256 INFO  ExportHelperExtension.cs: 1125 - Retrieving features of type [CoordSys] from plank_upper-1
2021-05-29 15:39:57,257 INFO  ExportHelperExtension.cs: 1136 - Found 23 in plank_upper-1
2021-05-29 15:39:57,257 INFO  ExportHelperExtension.cs: 1145 - Found 0 features of type [CoordSys] in plank_upper-1
2021-05-29 15:39:57,258 INFO  ExportHelperExtension.cs: 1125 - Retrieving features of type [RefAxis] from final_plank
2021-05-29 15:39:57,258 INFO  ExportHelperExtension.cs: 1136 - Found 23 in final_plank
2021-05-29 15:39:57,259 INFO  ExportHelperExtension.cs: 1145 - Found 0 features of type [RefAxis] in final_plank
2021-05-29 15:39:57,259 INFO  ExportHelperExtension.cs: 1148 - Proceeding through assembly components
2021-05-29 15:39:57,260 INFO  ExportHelperExtension.cs: 1160 - 2 components to check
2021-05-29 15:39:57,260 INFO  ExportHelperExtension.cs: 1125 - Retrieving features of type [RefAxis] from plank-1
2021-05-29 15:39:57,261 INFO  ExportHelperExtension.cs: 1136 - Found 22 in plank-1
2021-05-29 15:39:57,261 INFO  ExportHelperExtension.cs: 1145 - Found 0 features of type [RefAxis] in plank-1
2021-05-29 15:39:57,262 INFO  ExportHelperExtension.cs: 1125 - Retrieving features of type [RefAxis] from plank_upper-1
2021-05-29 15:39:57,262 INFO  ExportHelperExtension.cs: 1136 - Found 23 in plank_upper-1
2021-05-29 15:39:57,263 INFO  ExportHelperExtension.cs: 1145 - Found 0 features of type [RefAxis] in plank_upper-1
2021-05-29 15:39:57,464 INFO  SwAddin.cs: 339 - Loading config tree
2021-05-29 15:39:57,465 INFO  ExportPropertyManagerExtension.cs: 520 - Starting new configuration
2021-05-29 15:39:57,468 INFO  SwAddin.cs: 344 - Showing property manager
2021-05-29 15:40:09,884 INFO  ExportPropertyManager.cs: 1136 - OnNumberBoxTrackingCompleted called. This method no longer throws an Exception. It just silently does nothing. Ok, except for this logging message
2021-05-29 15:40:22,910 INFO  ExportPropertyManager.cs: 1018 - OnComboboxSelectionChanged called. This method no longer throws an Exception. It just silently does nothing. Ok, except for this logging message
2021-05-29 15:40:31,694 INFO  ExportPropertyManager.cs: 422 - Configuration saved
2021-05-29 15:40:34,149 INFO  ExportHelperExtension.cs: 347 - Creating joint plank
2021-05-29 15:40:34,150 INFO  ExportHelperExtension.cs: 1397 - Fixing components for prism
2021-05-29 15:40:34,150 INFO  ExportHelperExtension.cs: 1402 - Fixing 21
2021-05-29 15:40:34,151 INFO  ExportHelperExtension.cs: 1409 - Component 21 is already fixed
2021-05-29 15:40:35,147 INFO  : 0 - R1: 1, System.__ComObject, 1, System.Double[]
2021-05-29 15:40:36,202 INFO  ExportHelperExtension.cs: 841 - R2: 0, 0
2021-05-29 15:40:36,203 INFO  ExportHelperExtension.cs: 849 - L1: 0
2021-05-29 15:40:36,203 INFO  ExportHelperExtension.cs: 857 - L2: 0
2021-05-29 15:40:39,026 WARN  ExportHelperExtension.cs: 351 - Creating joint from parent prism to child plank failed
2021-05-29 15:40:39,152 INFO  ExportHelperExtension.cs: 1125 - Retrieving features of type [CoordSys] from final_plank
2021-05-29 15:40:39,153 INFO  ExportHelperExtension.cs: 1136 - Found 28 in final_plank
2021-05-29 15:40:39,153 INFO  ExportHelperExtension.cs: 1145 - Found 2 features of type [CoordSys] in final_plank
2021-05-29 15:40:39,154 INFO  ExportHelperExtension.cs: 1148 - Proceeding through assembly components
2021-05-29 15:40:39,154 INFO  ExportHelperExtension.cs: 1160 - 2 components to check
2021-05-29 15:40:39,155 INFO  ExportHelperExtension.cs: 1125 - Retrieving features of type [CoordSys] from plank-1
2021-05-29 15:40:39,180 INFO  ExportHelperExtension.cs: 1136 - Found 22 in plank-1
2021-05-29 15:40:39,181 INFO  ExportHelperExtension.cs: 1145 - Found 0 features of type [CoordSys] in plank-1
2021-05-29 15:40:39,182 INFO  ExportHelperExtension.cs: 1125 - Retrieving features of type [CoordSys] from plank_upper-1
2021-05-29 15:40:39,182 INFO  ExportHelperExtension.cs: 1136 - Found 23 in plank_upper-1
2021-05-29 15:40:39,183 INFO  ExportHelperExtension.cs: 1145 - Found 0 features of type [CoordSys] in plank_upper-1
2021-05-29 15:40:39,183 INFO  ExportHelperExtension.cs: 1125 - Retrieving features of type [RefAxis] from final_plank
2021-05-29 15:40:39,184 INFO  ExportHelperExtension.cs: 1136 - Found 28 in final_plank
2021-05-29 15:40:39,184 INFO  ExportHelperExtension.cs: 1145 - Found 1 features of type [RefAxis] in final_plank
2021-05-29 15:40:39,185 INFO  ExportHelperExtension.cs: 1148 - Proceeding through assembly components
2021-05-29 15:40:39,185 INFO  ExportHelperExtension.cs: 1160 - 2 components to check
2021-05-29 15:40:39,186 INFO  ExportHelperExtension.cs: 1125 - Retrieving features of type [RefAxis] from plank-1
2021-05-29 15:40:39,186 INFO  ExportHelperExtension.cs: 1136 - Found 22 in plank-1
2021-05-29 15:40:39,187 INFO  ExportHelperExtension.cs: 1145 - Found 0 features of type [RefAxis] in plank-1
2021-05-29 15:40:39,187 INFO  ExportHelperExtension.cs: 1125 - Retrieving features of type [RefAxis] from plank_upper-1
2021-05-29 15:40:39,188 INFO  ExportHelperExtension.cs: 1136 - Found 23 in plank_upper-1
2021-05-29 15:40:39,188 INFO  ExportHelperExtension.cs: 1145 - Found 0 features of type [RefAxis] in plank_upper-1
2021-05-29 15:40:39,271 INFO  ExportPropertyManager.cs: 1142 - AfterClose called. This method no longer throws an Exception. It just silently does nothing. Ok, except for this logging message
2021-05-29 15:42:41,868 INFO  AssemblyExportForm.cs: 253 - Completing URDF export
2021-05-29 15:42:41,964 INFO  ConfigurationSerialization.cs: 276 - URDF Configuration found
<Link z:Id="i1" xmlns="http://schemas.datacontract.org/2004/07/SW2URDF" xmlns:i="http://www.w3.org/2001/XMLSchema-instance" xmlns:z="http://schemas.microsoft.com/2003/10/Serialization/"><Attributes><Attribute z:Id="i2"><AttributeType>name</AttributeType><IsRequired>true</IsRequired><Value i:type="a:string" xmlns:a="http://www.w3.org/2001/XMLSchema">prism</Value></Attribute></Attributes><ChildElements><URDFElement z:Id="i3" i:type="Inertial"><Attributes/><ChildElements><URDFElement z:Id="i4" i:type="Origin"><Attributes><Attribute z:Id="i5"><AttributeType>xyz</AttributeType><IsRequired>true</IsRequired><Value i:type="a:ArrayOfdouble" xmlns:a="http://schemas.microsoft.com/2003/10/Serialization/Arrays"><a:double>0</a:double><a:double>0</a:double><a:double>0</a:double></Value></Attribute><Attribute z:Id="i6"><AttributeType>rpy</AttributeType><IsRequired>true</IsRequired><Value i:type="a:ArrayOfdouble" xmlns:a="http://schemas.microsoft.com/2003/10/Serialization/Arrays"><a:double>0</a:double><a:double>0</a:double><a:double>0</a:double></Value></Attribute></Attributes><ChildElements/><ElementName>origin</ElementName><required>false</required><RPYAttribute z:Ref="i6"/><XYZAttribute z:Ref="i5"/><isCustomized>false</isCustomized></URDFElement><URDFElement z:Id="i7" i:type="Mass"><Attributes><Attribute z:Id="i8"><AttributeType>value</AttributeType><IsRequired>true</IsRequired><Value i:type="a:double" xmlns:a="http://www.w3.org/2001/XMLSchema">0</Value></Attribute></Attributes><ChildElements/><ElementName>mass</ElementName><required>false</required><ValueAttribute z:Ref="i8"/></URDFElement><URDFElement z:Id="i9" i:type="Inertia"><Attributes><Attribute z:Id="i10"><AttributeType>ixx</AttributeType><IsRequired>true</IsRequired><Value i:type="a:double" xmlns:a="http://www.w3.org/2001/XMLSchema">0</Value></Attribute><Attribute z:Id="i11"><AttributeType>ixy</AttributeType><IsRequired>true</IsRequired><Value i:type="a:double" xmlns:a="http://www.w3.org/2001/XMLSchema">0</Value></Attribute><Attribute z:Id="i12"><AttributeType>ixz</AttributeType><IsRequired>true</IsRequired><Value i:type="a:double" xmlns:a="http://www.w3.org/2001/XMLSchema">0</Value></Attribute><Attribute z:Id="i13"><AttributeType>iyy</AttributeType><IsRequired>true</IsRequired><Value i:type="a:double" xmlns:a="http://www.w3.org/2001/XMLSchema">0</Value></Attribute><Attribute z:Id="i14"><AttributeType>iyz</AttributeType><IsRequired>true</IsRequired><Value i:type="a:double" xmlns:a="http://www.w3.org/2001/XMLSchema">0</Value></Attribute><Attribute z:Id="i15"><AttributeType>izz</AttributeType><IsRequired>true</IsRequired><Value i:type="a:double" xmlns:a="http://www.w3.org/2001/XMLSchema">0</Value></Attribute></Attributes><ChildElements/><ElementName>inertia</ElementName><required>false</required><IxxAttribute z:Ref="i10"/><IxyAttribute z:Ref="i11"/><IxzAttribute z:Ref="i12"/><IyyAttribute z:Ref="i13"/><IyzAttribute z:Ref="i14"/><IzzAttribute z:Ref="i15"/></URDFElement></ChildElements><ElementName>inertial</ElementName><required>false</required><Inertia z:Ref="i9"/><Mass z:Ref="i7"/><Origin z:Ref="i4"/></URDFElement><URDFElement z:Id="i16" i:type="Visual"><Attributes/><ChildElements><URDFElement z:Id="i17" i:type="Origin"><Attributes><Attribute z:Id="i18"><AttributeType>xyz</AttributeType><IsRequired>true</IsRequired><Value i:type="a:ArrayOfdouble" xmlns:a="http://schemas.microsoft.com/2003/10/Serialization/Arrays"><a:double>0</a:double><a:double>0</a:double><a:double>0</a:double></Value></Attribute><Attribute z:Id="i19"><AttributeType>rpy</AttributeType><IsRequired>true</IsRequired><Value i:type="a:ArrayOfdouble" xmlns:a="http://schemas.microsoft.com/2003/10/Serialization/Arrays"><a:double>0</a:double><a:double>0</a:double><a:double>0</a:double></Value></Attribute></Attributes><ChildElements/><ElementName>origin</ElementName><required>false</required><RPYAttribute z:Ref="i19"/><XYZAttribute z:Ref="i18"/><isCustomized>false</isCustomized></URDFElement><URDFElement z:Id="i20" i:type="Geometry"><Attributes/><ChildElements><URDFElement z:Id="i21" i:type="Mesh"><Attributes><Attribute z:Id="i22"><AttributeType>filename</AttributeType><IsRequired>true</IsRequired><Value i:nil="true"/></Attribute></Attributes><ChildElements/><ElementName>mesh</ElementName><required>false</required><FilenameAttribute z:Ref="i22"/></URDFElement></ChildElements><ElementName>geometry</ElementName><required>true</required><Mesh z:Ref="i21"/></URDFElement><URDFElement z:Id="i23" i:type="Material"><Attributes><Attribute z:Id="i24"><AttributeType>name</AttributeType><IsRequired>true</IsRequired><Value i:type="a:string" xmlns:a="http://www.w3.org/2001/XMLSchema"/></Attribute></Attributes><ChildElements><URDFElement z:Id="i25" i:type="Color"><Attributes><Attribute z:Id="i26"><AttributeType>rgba</AttributeType><IsRequired>true</IsRequired><Value i:type="a:ArrayOfdouble" xmlns:a="http://schemas.microsoft.com/2003/10/Serialization/Arrays"><a:double>1</a:double><a:double>1</a:double><a:double>1</a:double><a:double>1</a:double></Value></Attribute></Attributes><ChildElements/><ElementName>color</ElementName><required>false</required><RGBAAttribute z:Ref="i26"/></URDFElement><URDFElement z:Id="i27" i:type="Texture"><Attributes><Attribute z:Id="i28"><AttributeType>filename</AttributeType><IsRequired>true</IsRequired><Value i:nil="true"/></Attribute></Attributes><ChildElements/><ElementName>texture</ElementName><required>false</required><FilenameAttribute z:Ref="i28"/><wFilename/></URDFElement></ChildElements><ElementName>material</ElementName><required>false</required><Color z:Ref="i25"/><NameAttribute z:Ref="i24"/><Texture z:Ref="i27"/></URDFElement></ChildElements><ElementName>visual</ElementName><required>false</required><Geometry z:Ref="i20"/><Material z:Ref="i23"/><Origin z:Ref="i17"/></URDFElement><URDFElement z:Id="i29" i:type="Collision"><Attributes/><ChildElements><URDFElement z:Id="i30" i:type="Origin"><Attributes><Attribute z:Id="i31"><AttributeType>xyz</AttributeType><IsRequired>true</IsRequired><Value i:type="a:ArrayOfdouble" xmlns:a="http://schemas.microsoft.com/2003/10/Serialization/Arrays"><a:double>0</a:double><a:double>0</a:double><a:double>0</a:double></Value></Attribute><Attribute z:Id="i32"><AttributeType>rpy</AttributeType><IsRequired>true</IsRequired><Value i:type="a:ArrayOfdouble" xmlns:a="http://schemas.microsoft.com/2003/10/Serialization/Arrays"><a:double>0</a:double><a:double>0</a:double><a:double>0</a:double></Value></Attribute></Attributes><ChildElements/><ElementName>origin</ElementName><required>false</required><RPYAttribute z:Ref="i32"/><XYZAttribute z:Ref="i31"/><isCustomized>false</isCustomized></URDFElement><URDFElement z:Id="i33" i:type="Geometry"><Attributes/><ChildElements><URDFElement z:Id="i34" i:type="Mesh"><Attributes><Attribute z:Id="i35"><AttributeType>filename</AttributeType><IsRequired>true</IsRequired><Value i:nil="true"/></Attribute></Attributes><ChildElements/><ElementName>mesh</ElementName><required>false</required><FilenameAttribute z:Ref="i35"/></URDFElement></ChildElements><ElementName>geometry</ElementName><required>true</required><Mesh z:Ref="i34"/></URDFElement></ChildElements><ElementName>collision</ElementName><required>false</required><Geometry z:Ref="i33"/><Origin z:Ref="i30"/></URDFElement><URDFElement z:Id="i36" i:type="Joint"><Attributes><Attribute z:Id="i37"><AttributeType>name</AttributeType><IsRequired>true</IsRequired><Value i:type="a:string" xmlns:a="http://www.w3.org/2001/XMLSchema"/></Attribute><Attribute z:Id="i38"><AttributeType>type</AttributeType><IsRequired>true</IsRequired><Value i:type="a:string" xmlns:a="http://www.w3.org/2001/XMLSchema"/></Attribute></Attributes><ChildElements><URDFElement z:Id="i39" i:type="Origin"><Attributes><Attribute z:Id="i40"><AttributeType>xyz</AttributeType><IsRequired>true</IsRequired><Value i:type="a:ArrayOfdouble" xmlns:a="http://schemas.microsoft.com/2003/10/Serialization/Arrays"><a:double>0</a:double><a:double>0</a:double><a:double>0</a:double></Value></Attribute><Attribute z:Id="i41"><AttributeType>rpy</AttributeType><IsRequired>true</IsRequired><Value i:type="a:ArrayOfdouble" xmlns:a="http://schemas.microsoft.com/2003/10/Serialization/Arrays"><a:double>0</a:double><a:double>0</a:double><a:double>0</a:double></Value></Attribute></Attributes><ChildElements/><ElementName>origin</ElementName><required>false</required><RPYAttribute z:Ref="i41"/><XYZAttribute z:Ref="i40"/><isCustomized>false</isCustomized></URDFElement><URDFElement z:Id="i42" i:type="ParentLink"><Attributes><Attribute z:Id="i43"><AttributeType>link</AttributeType><IsRequired>true</IsRequired><Value i:type="a:string" xmlns:a="http://www.w3.org/2001/XMLSchema"/></Attribute></Attributes><ChildElements/><ElementName>parent</ElementName><required>true</required><NameAttribute z:Ref="i43"/></URDFElement><URDFElement z:Id="i44" i:type="ChildLink"><Attributes><Attribute z:Id="i45"><AttributeType>link</AttributeType><IsRequired>true</IsRequired><Value i:type="a:string" xmlns:a="http://www.w3.org/2001/XMLSchema"/></Attribute></Attributes><ChildElements/><ElementName>child</ElementName><required>true</required><NameAttribute z:Ref="i45"/></URDFElement><URDFElement z:Id="i46" i:type="Axis"><Attributes><Attribute z:Id="i47"><AttributeType>xyz</AttributeType><IsRequired>true</IsRequired><Value i:type="a:ArrayOfdouble" xmlns:a="http://schemas.microsoft.com/2003/10/Serialization/Arrays"><a:double>0</a:double><a:double>0</a:double><a:double>0</a:double></Value></Attribute></Attributes><ChildElements/><ElementName>axis</ElementName><required>false</required><XYZAttribute z:Ref="i47"/></URDFElement><URDFElement z:Id="i48" i:type="Limit"><Attributes><Attribute z:Id="i49"><AttributeType>lower</AttributeType><IsRequired>false</IsRequired><Value i:nil="true"/></Attribute><Attribute z:Id="i50"><AttributeType>upper</AttributeType><IsRequired>false</IsRequired><Value i:nil="true"/></Attribute><Attribute z:Id="i51"><AttributeType>effort</AttributeType><IsRequired>true</IsRequired><Value i:nil="true"/></Attribute><Attribute z:Id="i52"><AttributeType>velocity</AttributeType><IsRequired>true</IsRequired><Value i:nil="true"/></Attribute></Attributes><ChildElements/><ElementName>limit</ElementName><required>false</required><EffortAttribute z:Ref="i51"/><LowerAttribute z:Ref="i49"/><UpperAttribute z:Ref="i50"/><VelocityAttribute z:Ref="i52"/></URDFElement><URDFElement z:Id="i53" i:type="Calibration"><Attributes><Attribute z:Id="i54"><AttributeType>rising</AttributeType><IsRequired>false</IsRequired><Value i:nil="true"/></Attribute><Attribute z:Id="i55"><AttributeType>falling</AttributeType><IsRequired>false</IsRequired><Value i:nil="true"/></Attribute></Attributes><ChildElements/><ElementName>calibration</ElementName><required>false</required><FallingAttribute z:Ref="i55"/><RisingAttribute z:Ref="i54"/></URDFElement><URDFElement z:Id="i56" i:type="Dynamics"><Attributes><Attribute z:Id="i57"><AttributeType>damping</AttributeType><IsRequired>false</IsRequired><Value i:nil="true"/></Attribute><Attribute z:Id="i58"><AttributeType>friction</AttributeType><IsRequired>false</IsRequired><Value i:nil="true"/></Attribute></Attributes><ChildElements/><ElementName>dynamics</ElementName><required>false</required><DampingAttribute z:Ref="i57"/><FrictionAttribute z:Ref="i58"/></URDFElement><URDFElement z:Id="i59" i:type="SafetyController"><Attributes><Attribute z:Id="i60"><AttributeType>soft_upper</AttributeType><IsRequired>false</IsRequired><Value i:nil="true"/></Attribute><Attribute z:Id="i61"><AttributeType>soft_lower</AttributeType><IsRequired>false</IsRequired><Value i:nil="true"/></Attribute><Attribute z:Id="i62"><AttributeType>k_position</AttributeType><IsRequired>false</IsRequired><Value i:nil="true"/></Attribute><Attribute z:Id="i63"><AttributeType>k_velocity</AttributeType><IsRequired>true</IsRequired><Value i:nil="true"/></Attribute></Attributes><ChildElements/><ElementName>safety_controller</ElementName><required>false</required><KPositionAttribute z:Ref="i62"/><KVelocityAttribute z:Ref="i63"/><SoftLowerAttribute z:Ref="i61"/><SoftUpperAttribute z:Ref="i60"/></URDFElement><URDFElement z:Id="i64" i:type="Mimic"><Attributes><Attribute z:Id="i65"><AttributeType>joint</AttributeType><IsRequired>true</IsRequired><Value i:nil="true"/></Attribute><Attribute z:Id="i66"><AttributeType>multiplier</AttributeType><IsRequired>false</IsRequired><Value i:nil="true"/></Attribute><Attribute z:Id="i67"><AttributeType>offset</AttributeType><IsRequired>false</IsRequired><Value i:nil="true"/></Attribute></Attributes><ChildElements/><ElementName>mimic</ElementName><required>false</required><JointNameAttribute z:Ref="i65"/><MultiplierAttribute z:Ref="i66"/><OffsetAttribute z:Ref="i67"/></URDFElement></ChildElements><ElementName>joint</ElementName><required>false</required><Axis z:Ref="i46"/><AxisName/><Calibration z:Ref="i53"/><Child z:Ref="i44"/><CoordinateSystemName>Automatically Generate</CoordinateSystemName><Dynamics z:Ref="i56"/><Limit z:Ref="i48"/><Mimic z:Ref="i64"/><NameAttribute z:Ref="i37"/><Origin z:Ref="i39"/><Parent z:Ref="i42"/><Safety z:Ref="i59"/><TypeAttribute z:Ref="i38"/></URDFElement></ChildElements><ElementName>link</ElementName><required>true</required><Children><Link z:Id="i68"><Attributes><Attribute z:Id="i69"><AttributeType>name</AttributeType><IsRequired>true</IsRequired><Value i:type="a:string" xmlns:a="http://www.w3.org/2001/XMLSchema">plank</Value></Attribute></Attributes><ChildElements><URDFElement z:Id="i70" i:type="Inertial"><Attributes/><ChildElements><URDFElement z:Id="i71" i:type="Origin"><Attributes><Attribute z:Id="i72"><AttributeType>xyz</AttributeType><IsRequired>true</IsRequired><Value i:type="a:ArrayOfdouble" xmlns:a="http://schemas.microsoft.com/2003/10/Serialization/Arrays"><a:double>0</a:double><a:double>0</a:double><a:double>0</a:double></Value></Attribute><Attribute z:Id="i73"><AttributeType>rpy</AttributeType><IsRequired>true</IsRequired><Value i:type="a:ArrayOfdouble" xmlns:a="http://schemas.microsoft.com/2003/10/Serialization/Arrays"><a:double>0</a:double><a:double>0</a:double><a:double>0</a:double></Value></Attribute></Attributes><ChildElements/><ElementName>origin</ElementName><required>false</required><RPYAttribute z:Ref="i73"/><XYZAttribute z:Ref="i72"/><isCustomized>false</isCustomized></URDFElement><URDFElement z:Id="i74" i:type="Mass"><Attributes><Attribute z:Id="i75"><AttributeType>value</AttributeType><IsRequired>true</IsRequired><Value i:type="a:double" xmlns:a="http://www.w3.org/2001/XMLSchema">0</Value></Attribute></Attributes><ChildElements/><ElementName>mass</ElementName><required>false</required><ValueAttribute z:Ref="i75"/></URDFElement><URDFElement z:Id="i76" i:type="Inertia"><Attributes><Attribute z:Id="i77"><AttributeType>ixx</AttributeType><IsRequired>true</IsRequired><Value i:type="a:double" xmlns:a="http://www.w3.org/2001/XMLSchema">0</Value></Attribute><Attribute z:Id="i78"><AttributeType>ixy</AttributeType><IsRequired>true</IsRequired><Value i:type="a:double" xmlns:a="http://www.w3.org/2001/XMLSchema">0</Value></Attribute><Attribute z:Id="i79"><AttributeType>ixz</AttributeType><IsRequired>true</IsRequired><Value i:type="a:double" xmlns:a="http://www.w3.org/2001/XMLSchema">0</Value></Attribute><Attribute z:Id="i80"><AttributeType>iyy</AttributeType><IsRequired>true</IsRequired><Value i:type="a:double" xmlns:a="http://www.w3.org/2001/XMLSchema">0</Value></Attribute><Attribute z:Id="i81"><AttributeType>iyz</AttributeType><IsRequired>true</IsRequired><Value i:type="a:double" xmlns:a="http://www.w3.org/2001/XMLSchema">0</Value></Attribute><Attribute z:Id="i82"><AttributeType>izz</AttributeType><IsRequired>true</IsRequired><Value i:type="a:double" xmlns:a="http://www.w3.org/2001/XMLSchema">0</Value></Attribute></Attributes><ChildElements/><ElementName>inertia</ElementName><required>false</required><IxxAttribute z:Ref="i77"/><IxyAttribute z:Ref="i78"/><IxzAttribute z:Ref="i79"/><IyyAttribute z:Ref="i80"/><IyzAttribute z:Ref="i81"/><IzzAttribute z:Ref="i82"/></URDFElement></ChildElements><ElementName>inertial</ElementName><required>false</required><Inertia z:Ref="i76"/><Mass z:Ref="i74"/><Origin z:Ref="i71"/></URDFElement><URDFElement z:Id="i83" i:type="Visual"><Attributes/><ChildElements><URDFElement z:Id="i84" i:type="Origin"><Attributes><Attribute z:Id="i85"><AttributeType>xyz</AttributeType><IsRequired>true</IsRequired><Value i:type="a:ArrayOfdouble" xmlns:a="http://schemas.microsoft.com/2003/10/Serialization/Arrays"><a:double>0</a:double><a:double>0</a:double><a:double>0</a:double></Value></Attribute><Attribute z:Id="i86"><AttributeType>rpy</AttributeType><IsRequired>true</IsRequired><Value i:type="a:ArrayOfdouble" xmlns:a="http://schemas.microsoft.com/2003/10/Serialization/Arrays"><a:double>0</a:double><a:double>0</a:double><a:double>0</a:double></Value></Attribute></Attributes><ChildElements/><ElementName>origin</ElementName><required>false</required><RPYAttribute z:Ref="i86"/><XYZAttribute z:Ref="i85"/><isCustomized>false</isCustomized></URDFElement><URDFElement z:Id="i87" i:type="Geometry"><Attributes/><ChildElements><URDFElement z:Id="i88" i:type="Mesh"><Attributes><Attribute z:Id="i89"><AttributeType>filename</AttributeType><IsRequired>true</IsRequired><Value i:nil="true"/></Attribute></Attributes><ChildElements/><ElementName>mesh</ElementName><required>false</required><FilenameAttribute z:Ref="i89"/></URDFElement></ChildElements><ElementName>geometry</ElementName><required>true</required><Mesh z:Ref="i88"/></URDFElement><URDFElement z:Id="i90" i:type="Material"><Attributes><Attribute z:Id="i91"><AttributeType>name</AttributeType><IsRequired>true</IsRequired><Value i:type="a:string" xmlns:a="http://www.w3.org/2001/XMLSchema"/></Attribute></Attributes><ChildElements><URDFElement z:Id="i92" i:type="Color"><Attributes><Attribute z:Id="i93"><AttributeType>rgba</AttributeType><IsRequired>true</IsRequired><Value i:type="a:ArrayOfdouble" xmlns:a="http://schemas.microsoft.com/2003/10/Serialization/Arrays"><a:double>1</a:double><a:double>1</a:double><a:double>1</a:double><a:double>1</a:double></Value></Attribute></Attributes><ChildElements/><ElementName>color</ElementName><required>false</required><RGBAAttribute z:Ref="i93"/></URDFElement><URDFElement z:Id="i94" i:type="Texture"><Attributes><Attribute z:Id="i95"><AttributeType>filename</AttributeType><IsRequired>true</IsRequired><Value i:nil="true"/></Attribute></Attributes><ChildElements/><ElementName>texture</ElementName><required>false</required><FilenameAttribute z:Ref="i95"/><wFilename/></URDFElement></ChildElements><ElementName>material</ElementName><required>false</required><Color z:Ref="i92"/><NameAttribute z:Ref="i91"/><Texture z:Ref="i94"/></URDFElement></ChildElements><ElementName>visual</ElementName><required>false</required><Geometry z:Ref="i87"/><Material z:Ref="i90"/><Origin z:Ref="i84"/></URDFElement><URDFElement z:Id="i96" i:type="Collision"><Attributes/><ChildElements><URDFElement z:Id="i97" i:type="Origin"><Attributes><Attribute z:Id="i98"><AttributeType>xyz</AttributeType><IsRequired>true</IsRequired><Value i:type="a:ArrayOfdouble" xmlns:a="http://schemas.microsoft.com/2003/10/Serialization/Arrays"><a:double>0</a:double><a:double>0</a:double><a:double>0</a:double></Value></Attribute><Attribute z:Id="i99"><AttributeType>rpy</AttributeType><IsRequired>true</IsRequired><Value i:type="a:ArrayOfdouble" xmlns:a="http://schemas.microsoft.com/2003/10/Serialization/Arrays"><a:double>0</a:double><a:double>0</a:double><a:double>0</a:double></Value></Attribute></Attributes><ChildElements/><ElementName>origin</ElementName><required>false</required><RPYAttribute z:Ref="i99"/><XYZAttribute z:Ref="i98"/><isCustomized>false</isCustomized></URDFElement><URDFElement z:Id="i100" i:type="Geometry"><Attributes/><ChildElements><URDFElement z:Id="i101" i:type="Mesh"><Attributes><Attribute z:Id="i102"><AttributeType>filename</AttributeType><IsRequired>true</IsRequired><Value i:nil="true"/></Attribute></Attributes><ChildElements/><ElementName>mesh</ElementName><required>false</required><FilenameAttribute z:Ref="i102"/></URDFElement></ChildElements><ElementName>geometry</ElementName><required>true</required><Mesh z:Ref="i101"/></URDFElement></ChildElements><ElementName>collision</ElementName><required>false</required><Geometry z:Ref="i100"/><Origin z:Ref="i97"/></URDFElement><URDFElement z:Id="i103" i:type="Joint"><Attributes><Attribute z:Id="i104"><AttributeType>name</AttributeType><IsRequired>true</IsRequired><Value i:type="a:string" xmlns:a="http://www.w3.org/2001/XMLSchema">rotate</Value></Attribute><Attribute z:Id="i105"><AttributeType>type</AttributeType><IsRequired>true</IsRequired><Value i:type="a:string" xmlns:a="http://www.w3.org/2001/XMLSchema">revolute</Value></Attribute></Attributes><ChildElements><URDFElement z:Id="i106" i:type="Origin"><Attributes><Attribute z:Id="i107"><AttributeType>xyz</AttributeType><IsRequired>true</IsRequired><Value i:type="a:ArrayOfdouble" xmlns:a="http://schemas.microsoft.com/2003/10/Serialization/Arrays"><a:double>0</a:double><a:double>0</a:double><a:double>0</a:double></Value></Attribute><Attribute z:Id="i108"><AttributeType>rpy</AttributeType><IsRequired>true</IsRequired><Value i:type="a:ArrayOfdouble" xmlns:a="http://schemas.microsoft.com/2003/10/Serialization/Arrays"><a:double>0</a:double><a:double>0</a:double><a:double>0</a:double></Value></Attribute></Attributes><ChildElements/><ElementName>origin</ElementName><required>false</required><RPYAttribute z:Ref="i108"/><XYZAttribute z:Ref="i107"/><isCustomized>false</isCustomized></URDFElement><URDFElement z:Id="i109" i:type="ParentLink"><Attributes><Attribute z:Id="i110"><AttributeType>link</AttributeType><IsRequired>true</IsRequired><Value i:type="a:string" xmlns:a="http://www.w3.org/2001/XMLSchema"/></Attribute></Attributes><ChildElements/><ElementName>parent</ElementName><required>true</required><NameAttribute z:Ref="i110"/></URDFElement><URDFElement z:Id="i111" i:type="ChildLink"><Attributes><Attribute z:Id="i112"><AttributeType>link</AttributeType><IsRequired>true</IsRequired><Value i:type="a:string" xmlns:a="http://www.w3.org/2001/XMLSchema"/></Attribute></Attributes><ChildElements/><ElementName>child</ElementName><required>true</required><NameAttribute z:Ref="i112"/></URDFElement><URDFElement z:Id="i113" i:type="Axis"><Attributes><Attribute z:Id="i114"><AttributeType>xyz</AttributeType><IsRequired>true</IsRequired><Value i:type="a:ArrayOfdouble" xmlns:a="http://schemas.microsoft.com/2003/10/Serialization/Arrays"><a:double>0</a:double><a:double>0</a:double><a:double>0</a:double></Value></Attribute></Attributes><ChildElements/><ElementName>axis</ElementName><required>false</required><XYZAttribute z:Ref="i114"/></URDFElement><URDFElement z:Id="i115" i:type="Limit"><Attributes><Attribute z:Id="i116"><AttributeType>lower</AttributeType><IsRequired>false</IsRequired><Value i:nil="true"/></Attribute><Attribute z:Id="i117"><AttributeType>upper</AttributeType><IsRequired>false</IsRequired><Value i:nil="true"/></Attribute><Attribute z:Id="i118"><AttributeType>effort</AttributeType><IsRequired>true</IsRequired><Value i:nil="true"/></Attribute><Attribute z:Id="i119"><AttributeType>velocity</AttributeType><IsRequired>true</IsRequired><Value i:nil="true"/></Attribute></Attributes><ChildElements/><ElementName>limit</ElementName><required>false</required><EffortAttribute z:Ref="i118"/><LowerAttribute z:Ref="i116"/><UpperAttribute z:Ref="i117"/><VelocityAttribute z:Ref="i119"/></URDFElement><URDFElement z:Id="i120" i:type="Calibration"><Attributes><Attribute z:Id="i121"><AttributeType>rising</AttributeType><IsRequired>false</IsRequired><Value i:nil="true"/></Attribute><Attribute z:Id="i122"><AttributeType>falling</AttributeType><IsRequired>false</IsRequired><Value i:nil="true"/></Attribute></Attributes><ChildElements/><ElementName>calibration</ElementName><required>false</required><FallingAttribute z:Ref="i122"/><RisingAttribute z:Ref="i121"/></URDFElement><URDFElement z:Id="i123" i:type="Dynamics"><Attributes><Attribute z:Id="i124"><AttributeType>damping</AttributeType><IsRequired>false</IsRequired><Value i:nil="true"/></Attribute><Attribute z:Id="i125"><AttributeType>friction</AttributeType><IsRequired>false</IsRequired><Value i:nil="true"/></Attribute></Attributes><ChildElements/><ElementName>dynamics</ElementName><required>false</required><DampingAttribute z:Ref="i124"/><FrictionAttribute z:Ref="i125"/></URDFElement><URDFElement z:Id="i126" i:type="SafetyController"><Attributes><Attribute z:Id="i127"><AttributeType>soft_upper</AttributeType><IsRequired>false</IsRequired><Value i:nil="true"/></Attribute><Attribute z:Id="i128"><AttributeType>soft_lower</AttributeType><IsRequired>false</IsRequired><Value i:nil="true"/></Attribute><Attribute z:Id="i129"><AttributeType>k_position</AttributeType><IsRequired>false</IsRequired><Value i:nil="true"/></Attribute><Attribute z:Id="i130"><AttributeType>k_velocity</AttributeType><IsRequired>true</IsRequired><Value i:nil="true"/></Attribute></Attributes><ChildElements/><ElementName>safety_controller</ElementName><required>false</required><KPositionAttribute z:Ref="i129"/><KVelocityAttribute z:Ref="i130"/><SoftLowerAttribute z:Ref="i128"/><SoftUpperAttribute z:Ref="i127"/></URDFElement><URDFElement z:Id="i131" i:type="Mimic"><Attributes><Attribute z:Id="i132"><AttributeType>joint</AttributeType><IsRequired>true</IsRequired><Value i:nil="true"/></Attribute><Attribute z:Id="i133"><AttributeType>multiplier</AttributeType><IsRequired>false</IsRequired><Value i:nil="true"/></Attribute><Attribute z:Id="i134"><AttributeType>offset</AttributeType><IsRequired>false</IsRequired><Value i:nil="true"/></Attribute></Attributes><ChildElements/><ElementName>mimic</ElementName><required>false</required><JointNameAttribute z:Ref="i132"/><MultiplierAttribute z:Ref="i133"/><OffsetAttribute z:Ref="i134"/></URDFElement></ChildElements><ElementName>joint</ElementName><required>false</required><Axis z:Ref="i113"/><AxisName>Automatically Generate</AxisName><Calibration z:Ref="i120"/><Child z:Ref="i111"/><CoordinateSystemName>Automatically Generate</CoordinateSystemName><Dynamics z:Ref="i123"/><Limit z:Ref="i115"/><Mimic z:Ref="i131"/><NameAttribute z:Ref="i104"/><Origin z:Ref="i106"/><Parent z:Ref="i109"/><Safety z:Ref="i126"/><TypeAttribute z:Ref="i105"/></URDFElement></ChildElements><ElementName>link</ElementName><required>true</required><Children/><Collision z:Ref="i96"/><Inertial z:Ref="i70"/><Joint z:Ref="i103"/><NameAttribute z:Ref="i69"/><Parent z:Ref="i1"/><STLQualityFine>false</STLQualityFine><SWComponentPIDs xmlns:a="http://schemas.microsoft.com/2003/10/Serialization/Arrays"><a:base64Binary>KCMAAAUAAAD//v8ZcABsAGEAbgBrAF8AdQBwAHAAZQByAC0AMQBAAGYAaQBuAGEAbABfAHAAbABhAG4AawAEAAAAEAAAAAEAAAABAAAAFgAAAA==</a:base64Binary></SWComponentPIDs><SWMainComponentPID i:nil="true"/><Visual z:Ref="i83"/><isFixedFrame>false</isFixedFrame><isIncomplete>false</isIncomplete></Link></Children><Collision z:Ref="i29"/><Inertial z:Ref="i3"/><Joint z:Ref="i36"/><NameAttribute z:Ref="i2"/><Parent i:nil="true"/><STLQualityFine>false</STLQualityFine><SWComponentPIDs xmlns:a="http://schemas.microsoft.com/2003/10/Serialization/Arrays"><a:base64Binary>KCMAAAUAAAD//v8TcABsAGEAbgBrAC0AMQBAAGYAaQBuAGEAbABfAHAAbABhAG4AawAEAAAAEAAAAAEAAAABAAAAFQAAAA==</a:base64Binary></SWComponentPIDs><SWMainComponentPID i:nil="true"/><Visual z:Ref="i16"/><isFixedFrame>false</isFixedFrame><isIncomplete>false</isIncomplete></Link>
2021-05-29 15:42:45,638 INFO  AssemblyExportForm.cs: 253 - Completing URDF export
2021-05-29 15:42:45,639 INFO  ConfigurationSerialization.cs: 276 - URDF Configuration found
<Link z:Id="i1" xmlns="http://schemas.datacontract.org/2004/07/SW2URDF" xmlns:i="http://www.w3.org/2001/XMLSchema-instance" xmlns:z="http://schemas.microsoft.com/2003/10/Serialization/"><Attributes><Attribute z:Id="i2"><AttributeType>name</AttributeType><IsRequired>true</IsRequired><Value i:type="a:string" xmlns:a="http://www.w3.org/2001/XMLSchema">prism</Value></Attribute></Attributes><ChildElements><URDFElement z:Id="i3" i:type="Inertial"><Attributes/><ChildElements><URDFElement z:Id="i4" i:type="Origin"><Attributes><Attribute z:Id="i5"><AttributeType>xyz</AttributeType><IsRequired>true</IsRequired><Value i:type="a:ArrayOfdouble" xmlns:a="http://schemas.microsoft.com/2003/10/Serialization/Arrays"><a:double>0.27354745486868531</a:double><a:double>0.21584073666806364</a:double><a:double>0.44163550953360758</a:double></Value></Attribute><Attribute z:Id="i6"><AttributeType>rpy</AttributeType><IsRequired>true</IsRequired><Value i:type="a:ArrayOfdouble" xmlns:a="http://schemas.microsoft.com/2003/10/Serialization/Arrays"><a:double>0</a:double><a:double>0</a:double><a:double>0</a:double></Value></Attribute></Attributes><ChildElements/><ElementName>origin</ElementName><required>false</required><RPYAttribute z:Ref="i6"/><XYZAttribute z:Ref="i5"/><isCustomized>false</isCustomized></URDFElement><URDFElement z:Id="i7" i:type="Mass"><Attributes><Attribute z:Id="i8"><AttributeType>value</AttributeType><IsRequired>true</IsRequired><Value i:type="a:double" xmlns:a="http://www.w3.org/2001/XMLSchema">93.530743608719121</Value></Attribute></Attributes><ChildElements/><ElementName>mass</ElementName><required>false</required><ValueAttribute z:Ref="i8"/></URDFElement><URDFElement z:Id="i9" i:type="Inertia"><Attributes><Attribute z:Id="i10"><AttributeType>ixx</AttributeType><IsRequired>true</IsRequired><Value i:type="a:double" xmlns:a="http://www.w3.org/2001/XMLSchema">4.2088834623923486</Value></Attribute><Attribute z:Id="i11"><AttributeType>ixy</AttributeType><IsRequired>true</IsRequired><Value i:type="a:double" xmlns:a="http://www.w3.org/2001/XMLSchema">-5.6281256108225731E-15</Value></Attribute><Attribute z:Id="i12"><AttributeType>ixz</AttributeType><IsRequired>true</IsRequired><Value i:type="a:double" xmlns:a="http://www.w3.org/2001/XMLSchema">1.5874338104803388E-18</Value></Attribute><Attribute z:Id="i13"><AttributeType>iyy</AttributeType><IsRequired>true</IsRequired><Value i:type="a:double" xmlns:a="http://www.w3.org/2001/XMLSchema">4.2088834623923583</Value></Attribute><Attribute z:Id="i14"><AttributeType>iyz</AttributeType><IsRequired>true</IsRequired><Value i:type="a:double" xmlns:a="http://www.w3.org/2001/XMLSchema">-2.6679716546463995E-16</Value></Attribute><Attribute z:Id="i15"><AttributeType>izz</AttributeType><IsRequired>true</IsRequired><Value i:type="a:double" xmlns:a="http://www.w3.org/2001/XMLSchema">2.8059223082615654</Value></Attribute></Attributes><ChildElements/><ElementName>inertia</ElementName><required>false</required><IxxAttribute z:Ref="i10"/><IxyAttribute z:Ref="i11"/><IxzAttribute z:Ref="i12"/><IyyAttribute z:Ref="i13"/><IyzAttribute z:Ref="i14"/><IzzAttribute z:Ref="i15"/></URDFElement></ChildElements><ElementName>inertial</ElementName><required>false</required><Inertia z:Ref="i9"/><Mass z:Ref="i7"/><Origin z:Ref="i4"/></URDFElement><URDFElement z:Id="i16" i:type="Visual"><Attributes/><ChildElements><URDFElement z:Id="i17" i:type="Origin"><Attributes><Attribute z:Id="i18"><AttributeType>xyz</AttributeType><IsRequired>true</IsRequired><Value i:type="a:ArrayOfdouble" xmlns:a="http://schemas.microsoft.com/2003/10/Serialization/Arrays"><a:double>0</a:double><a:double>0</a:double><a:double>0</a:double></Value></Attribute><Attribute z:Id="i19"><AttributeType>rpy</AttributeType><IsRequired>true</IsRequired><Value i:type="a:ArrayOfdouble" xmlns:a="http://schemas.microsoft.com/2003/10/Serialization/Arrays"><a:double>0</a:double><a:double>0</a:double><a:double>0</a:double></Value></Attribute></Attributes><ChildElements/><ElementName>origin</ElementName><required>false</required><RPYAttribute z:Ref="i19"/><XYZAttribute z:Ref="i18"/><isCustomized>false</isCustomized></URDFElement><URDFElement z:Id="i20" i:type="Geometry"><Attributes/><ChildElements><URDFElement z:Id="i21" i:type="Mesh"><Attributes><Attribute z:Id="i22"><AttributeType>filename</AttributeType><IsRequired>true</IsRequired><Value i:nil="true"/></Attribute></Attributes><ChildElements/><ElementName>mesh</ElementName><required>false</required><FilenameAttribute z:Ref="i22"/></URDFElement></ChildElements><ElementName>geometry</ElementName><required>true</required><Mesh z:Ref="i21"/></URDFElement><URDFElement z:Id="i23" i:type="Material"><Attributes><Attribute z:Id="i24"><AttributeType>name</AttributeType><IsRequired>true</IsRequired><Value i:type="a:string" xmlns:a="http://www.w3.org/2001/XMLSchema"/></Attribute></Attributes><ChildElements><URDFElement z:Id="i25" i:type="Color"><Attributes><Attribute z:Id="i26"><AttributeType>rgba</AttributeType><IsRequired>true</IsRequired><Value i:type="a:ArrayOfdouble" xmlns:a="http://schemas.microsoft.com/2003/10/Serialization/Arrays"><a:double>0.792156862745098</a:double><a:double>0.81960784313725488</a:double><a:double>0.93333333333333335</a:double><a:double>1</a:double></Value></Attribute></Attributes><ChildElements/><ElementName>color</ElementName><required>false</required><RGBAAttribute z:Ref="i26"/></URDFElement><URDFElement z:Id="i27" i:type="Texture"><Attributes><Attribute z:Id="i28"><AttributeType>filename</AttributeType><IsRequired>true</IsRequired><Value i:nil="true"/></Attribute></Attributes><ChildElements/><ElementName>texture</ElementName><required>false</required><FilenameAttribute z:Ref="i28"/><wFilename/></URDFElement></ChildElements><ElementName>material</ElementName><required>false</required><Color z:Ref="i25"/><NameAttribute z:Ref="i24"/><Texture z:Ref="i27"/></URDFElement></ChildElements><ElementName>visual</ElementName><required>false</required><Geometry z:Ref="i20"/><Material z:Ref="i23"/><Origin z:Ref="i17"/></URDFElement><URDFElement z:Id="i29" i:type="Collision"><Attributes/><ChildElements><URDFElement z:Id="i30" i:type="Origin"><Attributes><Attribute z:Id="i31"><AttributeType>xyz</AttributeType><IsRequired>true</IsRequired><Value i:type="a:ArrayOfdouble" xmlns:a="http://schemas.microsoft.com/2003/10/Serialization/Arrays"><a:double>0</a:double><a:double>0</a:double><a:double>0</a:double></Value></Attribute><Attribute z:Id="i32"><AttributeType>rpy</AttributeType><IsRequired>true</IsRequired><Value i:type="a:ArrayOfdouble" xmlns:a="http://schemas.microsoft.com/2003/10/Serialization/Arrays"><a:double>0</a:double><a:double>0</a:double><a:double>0</a:double></Value></Attribute></Attributes><ChildElements/><ElementName>origin</ElementName><required>false</required><RPYAttribute z:Ref="i32"/><XYZAttribute z:Ref="i31"/><isCustomized>false</isCustomized></URDFElement><URDFElement z:Id="i33" i:type="Geometry"><Attributes/><ChildElements><URDFElement z:Id="i34" i:type="Mesh"><Attributes><Attribute z:Id="i35"><AttributeType>filename</AttributeType><IsRequired>true</IsRequired><Value i:nil="true"/></Attribute></Attributes><ChildElements/><ElementName>mesh</ElementName><required>false</required><FilenameAttribute z:Ref="i35"/></URDFElement></ChildElements><ElementName>geometry</ElementName><required>true</required><Mesh z:Ref="i34"/></URDFElement></ChildElements><ElementName>collision</ElementName><required>false</required><Geometry z:Ref="i33"/><Origin z:Ref="i30"/></URDFElement><URDFElement z:Id="i36" i:type="Joint"><Attributes><Attribute z:Id="i37"><AttributeType>name</AttributeType><IsRequired>true</IsRequired><Value i:type="a:string" xmlns:a="http://www.w3.org/2001/XMLSchema"/></Attribute><Attribute z:Id="i38"><AttributeType>type</AttributeType><IsRequired>true</IsRequired><Value i:type="a:string" xmlns:a="http://www.w3.org/2001/XMLSchema"/></Attribute></Attributes><ChildElements><URDFElement z:Id="i39" i:type="Origin"><Attributes><Attribute z:Id="i40"><AttributeType>xyz</AttributeType><IsRequired>true</IsRequired><Value i:type="a:ArrayOfdouble" xmlns:a="http://schemas.microsoft.com/2003/10/Serialization/Arrays"><a:double>0</a:double><a:double>0</a:double><a:double>0</a:double></Value></Attribute><Attribute z:Id="i41"><AttributeType>rpy</AttributeType><IsRequired>true</IsRequired><Value i:type="a:ArrayOfdouble" xmlns:a="http://schemas.microsoft.com/2003/10/Serialization/Arrays"><a:double>0</a:double><a:double>0</a:double><a:double>0</a:double></Value></Attribute></Attributes><ChildElements/><ElementName>origin</ElementName><required>false</required><RPYAttribute z:Ref="i41"/><XYZAttribute z:Ref="i40"/><isCustomized>false</isCustomized></URDFElement><URDFElement z:Id="i42" i:type="ParentLink"><Attributes><Attribute z:Id="i43"><AttributeType>link</AttributeType><IsRequired>true</IsRequired><Value i:type="a:string" xmlns:a="http://www.w3.org/2001/XMLSchema"/></Attribute></Attributes><ChildElements/><ElementName>parent</ElementName><required>true</required><NameAttribute z:Ref="i43"/></URDFElement><URDFElement z:Id="i44" i:type="ChildLink"><Attributes><Attribute z:Id="i45"><AttributeType>link</AttributeType><IsRequired>true</IsRequired><Value i:type="a:string" xmlns:a="http://www.w3.org/2001/XMLSchema"/></Attribute></Attributes><ChildElements/><ElementName>child</ElementName><required>true</required><NameAttribute z:Ref="i45"/></URDFElement><URDFElement z:Id="i46" i:type="Axis"><Attributes><Attribute z:Id="i47"><AttributeType>xyz</AttributeType><IsRequired>true</IsRequired><Value i:type="a:ArrayOfdouble" xmlns:a="http://schemas.microsoft.com/2003/10/Serialization/Arrays"><a:double>0</a:double><a:double>0</a:double><a:double>0</a:double></Value></Attribute></Attributes><ChildElements/><ElementName>axis</ElementName><required>false</required><XYZAttribute z:Ref="i47"/></URDFElement><URDFElement z:Id="i48" i:type="Limit"><Attributes><Attribute z:Id="i49"><AttributeType>lower</AttributeType><IsRequired>false</IsRequired><Value i:nil="true"/></Attribute><Attribute z:Id="i50"><AttributeType>upper</AttributeType><IsRequired>false</IsRequired><Value i:nil="true"/></Attribute><Attribute z:Id="i51"><AttributeType>effort</AttributeType><IsRequired>true</IsRequired><Value i:nil="true"/></Attribute><Attribute z:Id="i52"><AttributeType>velocity</AttributeType><IsRequired>true</IsRequired><Value i:nil="true"/></Attribute></Attributes><ChildElements/><ElementName>limit</ElementName><required>false</required><EffortAttribute z:Ref="i51"/><LowerAttribute z:Ref="i49"/><UpperAttribute z:Ref="i50"/><VelocityAttribute z:Ref="i52"/></URDFElement><URDFElement z:Id="i53" i:type="Calibration"><Attributes><Attribute z:Id="i54"><AttributeType>rising</AttributeType><IsRequired>false</IsRequired><Value i:nil="true"/></Attribute><Attribute z:Id="i55"><AttributeType>falling</AttributeType><IsRequired>false</IsRequired><Value i:nil="true"/></Attribute></Attributes><ChildElements/><ElementName>calibration</ElementName><required>false</required><FallingAttribute z:Ref="i55"/><RisingAttribute z:Ref="i54"/></URDFElement><URDFElement z:Id="i56" i:type="Dynamics"><Attributes><Attribute z:Id="i57"><AttributeType>damping</AttributeType><IsRequired>false</IsRequired><Value i:nil="true"/></Attribute><Attribute z:Id="i58"><AttributeType>friction</AttributeType><IsRequired>false</IsRequired><Value i:nil="true"/></Attribute></Attributes><ChildElements/><ElementName>dynamics</ElementName><required>false</required><DampingAttribute z:Ref="i57"/><FrictionAttribute z:Ref="i58"/></URDFElement><URDFElement z:Id="i59" i:type="SafetyController"><Attributes><Attribute z:Id="i60"><AttributeType>soft_upper</AttributeType><IsRequired>false</IsRequired><Value i:nil="true"/></Attribute><Attribute z:Id="i61"><AttributeType>soft_lower</AttributeType><IsRequired>false</IsRequired><Value i:nil="true"/></Attribute><Attribute z:Id="i62"><AttributeType>k_position</AttributeType><IsRequired>false</IsRequired><Value i:nil="true"/></Attribute><Attribute z:Id="i63"><AttributeType>k_velocity</AttributeType><IsRequired>true</IsRequired><Value i:nil="true"/></Attribute></Attributes><ChildElements/><ElementName>safety_controller</ElementName><required>false</required><KPositionAttribute z:Ref="i62"/><KVelocityAttribute z:Ref="i63"/><SoftLowerAttribute z:Ref="i61"/><SoftUpperAttribute z:Ref="i60"/></URDFElement><URDFElement z:Id="i64" i:type="Mimic"><Attributes><Attribute z:Id="i65"><AttributeType>joint</AttributeType><IsRequired>true</IsRequired><Value i:nil="true"/></Attribute><Attribute z:Id="i66"><AttributeType>multiplier</AttributeType><IsRequired>false</IsRequired><Value i:nil="true"/></Attribute><Attribute z:Id="i67"><AttributeType>offset</AttributeType><IsRequired>false</IsRequired><Value i:nil="true"/></Attribute></Attributes><ChildElements/><ElementName>mimic</ElementName><required>false</required><JointNameAttribute z:Ref="i65"/><MultiplierAttribute z:Ref="i66"/><OffsetAttribute z:Ref="i67"/></URDFElement></ChildElements><ElementName>joint</ElementName><required>false</required><Axis z:Ref="i46"/><AxisName/><Calibration z:Ref="i53"/><Child z:Ref="i44"/><CoordinateSystemName>Origin_global</CoordinateSystemName><Dynamics z:Ref="i56"/><Limit z:Ref="i48"/><Mimic z:Ref="i64"/><NameAttribute z:Ref="i37"/><Origin z:Ref="i39"/><Parent z:Ref="i42"/><Safety z:Ref="i59"/><TypeAttribute z:Ref="i38"/></URDFElement></ChildElements><ElementName>link</ElementName><required>true</required><Children><Link z:Id="i68"><Attributes><Attribute z:Id="i69"><AttributeType>name</AttributeType><IsRequired>true</IsRequired><Value i:type="a:string" xmlns:a="http://www.w3.org/2001/XMLSchema">plank</Value></Attribute></Attributes><ChildElements><URDFElement z:Id="i70" i:type="Inertial"><Attributes/><ChildElements><URDFElement z:Id="i71" i:type="Origin"><Attributes><Attribute z:Id="i72"><AttributeType>xyz</AttributeType><IsRequired>true</IsRequired><Value i:type="a:ArrayOfdouble" xmlns:a="http://schemas.microsoft.com/2003/10/Serialization/Arrays"><a:double>1.3877787807814457E-15</a:double><a:double>0.029999999999999916</a:double><a:double>0.30000000000000887</a:double></Value></Attribute><Attribute z:Id="i73"><AttributeType>rpy</AttributeType><IsRequired>true</IsRequired><Value i:type="a:ArrayOfdouble" xmlns:a="http://schemas.microsoft.com/2003/10/Serialization/Arrays"><a:double>0</a:double><a:double>0</a:double><a:double>0</a:double></Value></Attribute></Attributes><ChildElements/><ElementName>origin</ElementName><required>false</required><RPYAttribute z:Ref="i73"/><XYZAttribute z:Ref="i72"/><isCustomized>false</isCustomized></URDFElement><URDFElement z:Id="i74" i:type="Mass"><Attributes><Attribute z:Id="i75"><AttributeType>value</AttributeType><IsRequired>true</IsRequired><Value i:type="a:double" xmlns:a="http://www.w3.org/2001/XMLSchema">215.99999999999974</Value></Attribute></Attributes><ChildElements/><ElementName>mass</ElementName><required>false</required><ValueAttribute z:Ref="i75"/></URDFElement><URDFElement z:Id="i76" i:type="Inertia"><Attributes><Attribute z:Id="i77"><AttributeType>ixx</AttributeType><IsRequired>true</IsRequired><Value i:type="a:double" xmlns:a="http://www.w3.org/2001/XMLSchema">6.54479999999999</Value></Attribute><Attribute z:Id="i78"><AttributeType>ixy</AttributeType><IsRequired>true</IsRequired><Value i:type="a:double" xmlns:a="http://www.w3.org/2001/XMLSchema">-6.8633987382327177E-13</Value></Attribute><Attribute z:Id="i79"><AttributeType>ixz</AttributeType><IsRequired>true</IsRequired><Value i:type="a:double" xmlns:a="http://www.w3.org/2001/XMLSchema">1.8942863857825868E-12</Value></Attribute><Attribute z:Id="i80"><AttributeType>iyy</AttributeType><IsRequired>true</IsRequired><Value i:type="a:double" xmlns:a="http://www.w3.org/2001/XMLSchema">654.47999999999934</Value></Attribute><Attribute z:Id="i81"><AttributeType>iyz</AttributeType><IsRequired>true</IsRequired><Value i:type="a:double" xmlns:a="http://www.w3.org/2001/XMLSchema">5.0191777084099957E-16</Value></Attribute><Attribute z:Id="i82"><AttributeType>izz</AttributeType><IsRequired>true</IsRequired><Value i:type="a:double" xmlns:a="http://www.w3.org/2001/XMLSchema">648.06479999999942</Value></Attribute></Attributes><ChildElements/><ElementName>inertia</ElementName><required>false</required><IxxAttribute z:Ref="i77"/><IxyAttribute z:Ref="i78"/><IxzAttribute z:Ref="i79"/><IyyAttribute z:Ref="i80"/><IyzAttribute z:Ref="i81"/><IzzAttribute z:Ref="i82"/></URDFElement></ChildElements><ElementName>inertial</ElementName><required>false</required><Inertia z:Ref="i76"/><Mass z:Ref="i74"/><Origin z:Ref="i71"/></URDFElement><URDFElement z:Id="i83" i:type="Visual"><Attributes/><ChildElements><URDFElement z:Id="i84" i:type="Origin"><Attributes><Attribute z:Id="i85"><AttributeType>xyz</AttributeType><IsRequired>true</IsRequired><Value i:type="a:ArrayOfdouble" xmlns:a="http://schemas.microsoft.com/2003/10/Serialization/Arrays"><a:double>0</a:double><a:double>0</a:double><a:double>0</a:double></Value></Attribute><Attribute z:Id="i86"><AttributeType>rpy</AttributeType><IsRequired>true</IsRequired><Value i:type="a:ArrayOfdouble" xmlns:a="http://schemas.microsoft.com/2003/10/Serialization/Arrays"><a:double>0</a:double><a:double>0</a:double><a:double>0</a:double></Value></Attribute></Attributes><ChildElements/><ElementName>origin</ElementName><required>false</required><RPYAttribute z:Ref="i86"/><XYZAttribute z:Ref="i85"/><isCustomized>false</isCustomized></URDFElement><URDFElement z:Id="i87" i:type="Geometry"><Attributes/><ChildElements><URDFElement z:Id="i88" i:type="Mesh"><Attributes><Attribute z:Id="i89"><AttributeType>filename</AttributeType><IsRequired>true</IsRequired><Value i:nil="true"/></Attribute></Attributes><ChildElements/><ElementName>mesh</ElementName><required>false</required><FilenameAttribute z:Ref="i89"/></URDFElement></ChildElements><ElementName>geometry</ElementName><required>true</required><Mesh z:Ref="i88"/></URDFElement><URDFElement z:Id="i90" i:type="Material"><Attributes><Attribute z:Id="i91"><AttributeType>name</AttributeType><IsRequired>true</IsRequired><Value i:type="a:string" xmlns:a="http://www.w3.org/2001/XMLSchema"/></Attribute></Attributes><ChildElements><URDFElement z:Id="i92" i:type="Color"><Attributes><Attribute z:Id="i93"><AttributeType>rgba</AttributeType><IsRequired>true</IsRequired><Value i:type="a:ArrayOfdouble" xmlns:a="http://schemas.microsoft.com/2003/10/Serialization/Arrays"><a:double>0.792156862745098</a:double><a:double>0.81960784313725488</a:double><a:double>0.93333333333333335</a:double><a:double>1</a:double></Value></Attribute></Attributes><ChildElements/><ElementName>color</ElementName><required>false</required><RGBAAttribute z:Ref="i93"/></URDFElement><URDFElement z:Id="i94" i:type="Texture"><Attributes><Attribute z:Id="i95"><AttributeType>filename</AttributeType><IsRequired>true</IsRequired><Value i:nil="true"/></Attribute></Attributes><ChildElements/><ElementName>texture</ElementName><required>false</required><FilenameAttribute z:Ref="i95"/><wFilename/></URDFElement></ChildElements><ElementName>material</ElementName><required>false</required><Color z:Ref="i92"/><NameAttribute z:Ref="i91"/><Texture z:Ref="i94"/></URDFElement></ChildElements><ElementName>visual</ElementName><required>false</required><Geometry z:Ref="i87"/><Material z:Ref="i90"/><Origin z:Ref="i84"/></URDFElement><URDFElement z:Id="i96" i:type="Collision"><Attributes/><ChildElements><URDFElement z:Id="i97" i:type="Origin"><Attributes><Attribute z:Id="i98"><AttributeType>xyz</AttributeType><IsRequired>true</IsRequired><Value i:type="a:ArrayOfdouble" xmlns:a="http://schemas.microsoft.com/2003/10/Serialization/Arrays"><a:double>0</a:double><a:double>0</a:double><a:double>0</a:double></Value></Attribute><Attribute z:Id="i99"><AttributeType>rpy</AttributeType><IsRequired>true</IsRequired><Value i:type="a:ArrayOfdouble" xmlns:a="http://schemas.microsoft.com/2003/10/Serialization/Arrays"><a:double>0</a:double><a:double>0</a:double><a:double>0</a:double></Value></Attribute></Attributes><ChildElements/><ElementName>origin</ElementName><required>false</required><RPYAttribute z:Ref="i99"/><XYZAttribute z:Ref="i98"/><isCustomized>false</isCustomized></URDFElement><URDFElement z:Id="i100" i:type="Geometry"><Attributes/><ChildElements><URDFElement z:Id="i101" i:type="Mesh"><Attributes><Attribute z:Id="i102"><AttributeType>filename</AttributeType><IsRequired>true</IsRequired><Value i:nil="true"/></Attribute></Attributes><ChildElements/><ElementName>mesh</ElementName><required>false</required><FilenameAttribute z:Ref="i102"/></URDFElement></ChildElements><ElementName>geometry</ElementName><required>true</required><Mesh z:Ref="i101"/></URDFElement></ChildElements><ElementName>collision</ElementName><required>false</required><Geometry z:Ref="i100"/><Origin z:Ref="i97"/></URDFElement><URDFElement z:Id="i103" i:type="Joint"><Attributes><Attribute z:Id="i104"><AttributeType>name</AttributeType><IsRequired>true</IsRequired><Value i:type="a:string" xmlns:a="http://www.w3.org/2001/XMLSchema">rotate</Value></Attribute><Attribute z:Id="i105"><AttributeType>type</AttributeType><IsRequired>true</IsRequired><Value i:type="a:string" xmlns:a="http://www.w3.org/2001/XMLSchema">revolute</Value></Attribute></Attributes><ChildElements><URDFElement z:Id="i106" i:type="Origin"><Attributes><Attribute z:Id="i107"><AttributeType>xyz</AttributeType><IsRequired>true</IsRequired><Value i:type="a:ArrayOfdouble" xmlns:a="http://schemas.microsoft.com/2003/10/Serialization/Arrays"><a:double>0.27355</a:double><a:double>-0.14164</a:double><a:double>0.56225</a:double></Value></Attribute><Attribute z:Id="i108"><AttributeType>rpy</AttributeType><IsRequired>true</IsRequired><Value i:type="a:ArrayOfdouble" xmlns:a="http://schemas.microsoft.com/2003/10/Serialization/Arrays"><a:double>1.5708</a:double><a:double>0.16971</a:double><a:double>0</a:double></Value></Attribute></Attributes><ChildElements/><ElementName>origin</ElementName><required>false</required><RPYAttribute z:Ref="i108"/><XYZAttribute z:Ref="i107"/><isCustomized>false</isCustomized></URDFElement><URDFElement z:Id="i109" i:type="ParentLink"><Attributes><Attribute z:Id="i110"><AttributeType>link</AttributeType><IsRequired>true</IsRequired><Value i:type="a:string" xmlns:a="http://www.w3.org/2001/XMLSchema">prism</Value></Attribute></Attributes><ChildElements/><ElementName>parent</ElementName><required>true</required><NameAttribute z:Ref="i110"/></URDFElement><URDFElement z:Id="i111" i:type="ChildLink"><Attributes><Attribute z:Id="i112"><AttributeType>link</AttributeType><IsRequired>true</IsRequired><Value i:type="a:string" xmlns:a="http://www.w3.org/2001/XMLSchema">plank</Value></Attribute></Attributes><ChildElements/><ElementName>child</ElementName><required>true</required><NameAttribute z:Ref="i112"/></URDFElement><URDFElement z:Id="i113" i:type="Axis"><Attributes><Attribute z:Id="i114"><AttributeType>xyz</AttributeType><IsRequired>true</IsRequired><Value i:type="a:ArrayOfdouble" xmlns:a="http://schemas.microsoft.com/2003/10/Serialization/Arrays"><a:double>0</a:double><a:double>0</a:double><a:double>1</a:double></Value></Attribute></Attributes><ChildElements/><ElementName>axis</ElementName><required>false</required><XYZAttribute z:Ref="i114"/></URDFElement><URDFElement z:Id="i115" i:type="Limit"><Attributes><Attribute z:Id="i116"><AttributeType>lower</AttributeType><IsRequired>true</IsRequired><Value i:type="a:double" xmlns:a="http://www.w3.org/2001/XMLSchema">0</Value></Attribute><Attribute z:Id="i117"><AttributeType>upper</AttributeType><IsRequired>true</IsRequired><Value i:type="a:double" xmlns:a="http://www.w3.org/2001/XMLSchema">0</Value></Attribute><Attribute z:Id="i118"><AttributeType>effort</AttributeType><IsRequired>true</IsRequired><Value i:type="a:double" xmlns:a="http://www.w3.org/2001/XMLSchema">0</Value></Attribute><Attribute z:Id="i119"><AttributeType>velocity</AttributeType><IsRequired>true</IsRequired><Value i:type="a:double" xmlns:a="http://www.w3.org/2001/XMLSchema">0</Value></Attribute></Attributes><ChildElements/><ElementName>limit</ElementName><required>true</required><EffortAttribute z:Ref="i118"/><LowerAttribute z:Ref="i116"/><UpperAttribute z:Ref="i117"/><VelocityAttribute z:Ref="i119"/></URDFElement><URDFElement z:Id="i120" i:type="Calibration"><Attributes><Attribute z:Id="i121"><AttributeType>rising</AttributeType><IsRequired>false</IsRequired><Value i:nil="true"/></Attribute><Attribute z:Id="i122"><AttributeType>falling</AttributeType><IsRequired>false</IsRequired><Value i:nil="true"/></Attribute></Attributes><ChildElements/><ElementName>calibration</ElementName><required>false</required><FallingAttribute z:Ref="i122"/><RisingAttribute z:Ref="i121"/></URDFElement><URDFElement z:Id="i123" i:type="Dynamics"><Attributes><Attribute z:Id="i124"><AttributeType>damping</AttributeType><IsRequired>false</IsRequired><Value i:nil="true"/></Attribute><Attribute z:Id="i125"><AttributeType>friction</AttributeType><IsRequired>false</IsRequired><Value i:nil="true"/></Attribute></Attributes><ChildElements/><ElementName>dynamics</ElementName><required>false</required><DampingAttribute z:Ref="i124"/><FrictionAttribute z:Ref="i125"/></URDFElement><URDFElement z:Id="i126" i:type="SafetyController"><Attributes><Attribute z:Id="i127"><AttributeType>soft_upper</AttributeType><IsRequired>false</IsRequired><Value i:nil="true"/></Attribute><Attribute z:Id="i128"><AttributeType>soft_lower</AttributeType><IsRequired>false</IsRequired><Value i:nil="true"/></Attribute><Attribute z:Id="i129"><AttributeType>k_position</AttributeType><IsRequired>false</IsRequired><Value i:nil="true"/></Attribute><Attribute z:Id="i130"><AttributeType>k_velocity</AttributeType><IsRequired>true</IsRequired><Value i:nil="true"/></Attribute></Attributes><ChildElements/><ElementName>safety_controller</ElementName><required>false</required><KPositionAttribute z:Ref="i129"/><KVelocityAttribute z:Ref="i130"/><SoftLowerAttribute z:Ref="i128"/><SoftUpperAttribute z:Ref="i127"/></URDFElement><URDFElement z:Id="i131" i:type="Mimic"><Attributes><Attribute z:Id="i132"><AttributeType>joint</AttributeType><IsRequired>true</IsRequired><Value i:nil="true"/></Attribute><Attribute z:Id="i133"><AttributeType>multiplier</AttributeType><IsRequired>false</IsRequired><Value i:nil="true"/></Attribute><Attribute z:Id="i134"><AttributeType>offset</AttributeType><IsRequired>false</IsRequired><Value i:nil="true"/></Attribute></Attributes><ChildElements/><ElementName>mimic</ElementName><required>false</required><JointNameAttribute z:Ref="i132"/><MultiplierAttribute z:Ref="i133"/><OffsetAttribute z:Ref="i134"/></URDFElement></ChildElements><ElementName>joint</ElementName><required>false</required><Axis z:Ref="i113"/><AxisName>Axis_rotate</AxisName><Calibration z:Ref="i120"/><Child z:Ref="i111"/><CoordinateSystemName>Origin_rotate</CoordinateSystemName><Dynamics z:Ref="i123"/><Limit z:Ref="i115"/><Mimic z:Ref="i131"/><NameAttribute z:Ref="i104"/><Origin z:Ref="i106"/><Parent z:Ref="i109"/><Safety z:Ref="i126"/><TypeAttribute z:Ref="i105"/></URDFElement></ChildElements><ElementName>link</ElementName><required>true</required><Children/><Collision z:Ref="i96"/><Inertial z:Ref="i70"/><Joint z:Ref="i103"/><NameAttribute z:Ref="i69"/><Parent z:Ref="i1"/><STLQualityFine>false</STLQualityFine><SWComponentPIDs xmlns:a="http://schemas.microsoft.com/2003/10/Serialization/Arrays"><a:base64Binary>KCMAAAUAAAD//v8ZcABsAGEAbgBrAF8AdQBwAHAAZQByAC0AMQBAAGYAaQBuAGEAbABfAHAAbABhAG4AawAEAAAAEAAAAAEAAAABAAAAFgAAAA==</a:base64Binary></SWComponentPIDs><SWMainComponentPID i:nil="true"/><Visual z:Ref="i83"/><isFixedFrame>false</isFixedFrame><isIncomplete>false</isIncomplete></Link></Children><Collision z:Ref="i29"/><Inertial z:Ref="i3"/><Joint z:Ref="i36"/><NameAttribute z:Ref="i2"/><Parent i:nil="true"/><STLQualityFine>false</STLQualityFine><SWComponentPIDs xmlns:a="http://schemas.microsoft.com/2003/10/Serialization/Arrays"><a:base64Binary>KCMAAAUAAAD//v8TcABsAGEAbgBrAC0AMQBAAGYAaQBuAGEAbABfAHAAbABhAG4AawAEAAAAEAAAAAEAAAABAAAAFQAAAA==</a:base64Binary></SWComponentPIDs><SWMainComponentPID i:nil="true"/><Visual z:Ref="i16"/><isFixedFrame>false</isFixedFrame><isIncomplete>false</isIncomplete></Link>
2021-05-29 15:42:55,407 INFO  AssemblyExportForm.cs: 309 - Saving URDF package to \\wsl$\Ubuntu-20.04\home\goyaladarsh1999\mybot_ws\src\final_plank
2021-05-29 15:42:55,411 INFO  ExportHelper.cs: 147 - Beginning the export process
2021-05-29 15:42:55,417 INFO  ExportHelper.cs: 153 - Creating package directories with name final_plank and save path \\wsl$\Ubuntu-20.04\home\goyaladarsh1999\mybot_ws\src
2021-05-29 15:42:57,959 INFO  ExportHelper.cs: 162 - Creating CMakeLists.txt at \\wsl$\Ubuntu-20.04\home\goyaladarsh1999\mybot_ws\src\final_plank\CMakeLists.txt
2021-05-29 15:42:57,970 INFO  ExportHelper.cs: 166 - Creating joint names config at \\wsl$\Ubuntu-20.04\home\goyaladarsh1999\mybot_ws\src\final_plank\config\joint_names_final_plank.yaml
2021-05-29 15:42:57,975 INFO  ExportHelper.cs: 170 - Creating package.xml at \\wsl$\Ubuntu-20.04\home\goyaladarsh1999\mybot_ws\src\final_plank\package.xml
2021-05-29 15:42:58,001 INFO  PackageXMLWriter.cs: 21 - Creating package.xml at \\wsl$\Ubuntu-20.04\home\goyaladarsh1999\mybot_ws\src\final_plank\package.xml
2021-05-29 15:42:58,055 INFO  ExportHelper.cs: 177 - Creating RVIZ launch file in \\wsl$\Ubuntu-20.04\home\goyaladarsh1999\mybot_ws\src\final_plank\launch\
2021-05-29 15:42:58,074 INFO  ExportHelper.cs: 182 - Creating Gazebo launch file in \\wsl$\Ubuntu-20.04\home\goyaladarsh1999\mybot_ws\src\final_plank\launch\
2021-05-29 15:42:58,077 INFO  ExportHelper.cs: 187 - Saving existing STL preferences
2021-05-29 15:42:58,078 INFO  ExportHelper.cs: 450 - Saving users preferences
2021-05-29 15:42:58,079 INFO  ExportHelper.cs: 190 - Modifying STL preferences
2021-05-29 15:42:58,080 INFO  ExportHelper.cs: 464 - Setting STL preferences
2021-05-29 15:42:58,118 INFO  ExportHelper.cs: 196 - Found 0 hidden components 
2021-05-29 15:42:58,118 INFO  ExportHelper.cs: 197 - Hiding all components
2021-05-29 15:42:59,752 INFO  ExportHelper.cs: 204 - Beginning individual files export
2021-05-29 15:42:59,778 INFO  ExportHelper.cs: 270 - Exporting link: prism
2021-05-29 15:42:59,779 INFO  ExportHelper.cs: 272 - Link prism has 1 children
2021-05-29 15:42:59,782 INFO  ExportHelper.cs: 270 - Exporting link: plank
2021-05-29 15:42:59,782 INFO  ExportHelper.cs: 272 - Link plank has 0 children
2021-05-29 15:42:59,783 INFO  ExportHelper.cs: 317 - plank: Exporting STL with coordinate frame Origin_rotate
2021-05-29 15:42:59,784 INFO  ExportHelper.cs: 322 - plank: Reference geometry name 
2021-05-29 15:42:59,849 INFO  ExportHelper.cs: 330 - Saving STL to \\wsl$\Ubuntu-20.04\home\goyaladarsh1999\mybot_ws\src\final_plank\meshes\plank.STL
2021-05-29 15:43:00,157 INFO  ExportHelper.cs: 405 - Removing SW header in STL file
2021-05-29 15:43:00,161 INFO  ExportHelper.cs: 317 - prism: Exporting STL with coordinate frame Origin_global
2021-05-29 15:43:00,161 INFO  ExportHelper.cs: 322 - prism: Reference geometry name 
2021-05-29 15:43:00,198 INFO  ExportHelper.cs: 330 - Saving STL to \\wsl$\Ubuntu-20.04\home\goyaladarsh1999\mybot_ws\src\final_plank\meshes\prism.STL
2021-05-29 15:43:00,261 INFO  ExportHelper.cs: 405 - Removing SW header in STL file
2021-05-29 15:43:00,264 INFO  ExportHelper.cs: 145 - Showing all components except previously hidden components
2021-05-29 15:43:00,306 INFO  ExportHelper.cs: 145 - Resetting STL preferences
2021-05-29 15:43:00,307 INFO  ExportHelper.cs: 478 - Returning STL preferences to user preferences
2021-05-29 15:43:00,307 INFO  ExportHelper.cs: 228 - Writing URDF file to \\wsl$\Ubuntu-20.04\home\goyaladarsh1999\mybot_ws\src\final_plank\urdf\final_plank.urdf
2021-05-29 15:43:00,344 INFO  CSVImportExport.cs: 32 - Writing CSV file \\wsl$\Ubuntu-20.04\home\goyaladarsh1999\mybot_ws\src\final_plank\urdf\final_plank.csv
2021-05-29 15:43:00,538 ERROR CSVImportExport.cs: 130 - The following columns were not written to the CSV: Link.Joint.ChildLink.link,
2021-05-29 15:43:00,539 ERROR CSVImportExport.cs: 130 - The following columns were not written to the CSV: Link.Joint.ChildLink.link,
2021-05-29 15:43:00,540 INFO  ExportHelper.cs: 234 - Copying log file
2021-05-29 15:43:00,545 INFO  ExportHelper.cs: 439 - Copying C:\Users\Adarsh Goyal\sw2urdf_logs\sw2urdf.log to \\wsl$\Ubuntu-20.04\home\goyaladarsh1999\mybot_ws\src\final_plank\export.log
