Determining if the pthread_create exist failed with the following output:
Change Dir: /home/pranav/repository.2/mybot_ws/build/mybot_control/CMakeFiles/CMakeTmp

Run Build Command:"/usr/bin/make" "cmTC_b70a6/fast"
/usr/bin/make -f CMakeFiles/cmTC_b70a6.dir/build.make CMakeFiles/cmTC_b70a6.dir/build
make[1]: Entering directory '/home/pranav/repository.2/mybot_ws/build/mybot_control/CMakeFiles/CMakeTmp'
Building C object CMakeFiles/cmTC_b70a6.dir/CheckSymbolExists.c.o
/usr/lib/ccache/cc    -o CMakeFiles/cmTC_b70a6.dir/CheckSymbolExists.c.o   -c /home/pranav/repository.2/mybot_ws/build/mybot_control/CMakeFiles/CMakeTmp/CheckSymbolExists.c
Linking C executable cmTC_b70a6
/usr/bin/cmake -E cmake_link_script CMakeFiles/cmTC_b70a6.dir/link.txt --verbose=1
/usr/lib/ccache/cc      -rdynamic CMakeFiles/cmTC_b70a6.dir/CheckSymbolExists.c.o  -o cmTC_b70a6 
CMakeFiles/cmTC_b70a6.dir/CheckSymbolExists.c.o: In function `main':
CheckSymbolExists.c:(.text+0x1b): undefined reference to `pthread_create'
collect2: error: ld returned 1 exit status
CMakeFiles/cmTC_b70a6.dir/build.make:97: recipe for target 'cmTC_b70a6' failed
make[1]: *** [cmTC_b70a6] Error 1
make[1]: Leaving directory '/home/pranav/repository.2/mybot_ws/build/mybot_control/CMakeFiles/CMakeTmp'
Makefile:126: recipe for target 'cmTC_b70a6/fast' failed
make: *** [cmTC_b70a6/fast] Error 2

File /home/pranav/repository.2/mybot_ws/build/mybot_control/CMakeFiles/CMakeTmp/CheckSymbolExists.c:
/* */
#include <pthread.h>

int main(int argc, char** argv)
{
  (void)argv;
#ifndef pthread_create
  return ((int*)(&pthread_create))[argc];
#else
  (void)argc;
  return 0;
#endif
}

Determining if the function pthread_create exists in the pthreads failed with the following output:
Change Dir: /home/pranav/repository.2/mybot_ws/build/mybot_control/CMakeFiles/CMakeTmp

Run Build Command:"/usr/bin/make" "cmTC_417ce/fast"
/usr/bin/make -f CMakeFiles/cmTC_417ce.dir/build.make CMakeFiles/cmTC_417ce.dir/build
make[1]: Entering directory '/home/pranav/repository.2/mybot_ws/build/mybot_control/CMakeFiles/CMakeTmp'
Building C object CMakeFiles/cmTC_417ce.dir/CheckFunctionExists.c.o
/usr/lib/ccache/cc   -DCHECK_FUNCTION_EXISTS=pthread_create   -o CMakeFiles/cmTC_417ce.dir/CheckFunctionExists.c.o   -c /usr/share/cmake-3.10/Modules/CheckFunctionExists.c
Linking C executable cmTC_417ce
/usr/bin/cmake -E cmake_link_script CMakeFiles/cmTC_417ce.dir/link.txt --verbose=1
/usr/lib/ccache/cc  -DCHECK_FUNCTION_EXISTS=pthread_create    -rdynamic CMakeFiles/cmTC_417ce.dir/CheckFunctionExists.c.o  -o cmTC_417ce -lpthreads 
/usr/bin/ld: cannot find -lpthreads
collect2: error: ld returned 1 exit status
CMakeFiles/cmTC_417ce.dir/build.make:97: recipe for target 'cmTC_417ce' failed
make[1]: *** [cmTC_417ce] Error 1
make[1]: Leaving directory '/home/pranav/repository.2/mybot_ws/build/mybot_control/CMakeFiles/CMakeTmp'
Makefile:126: recipe for target 'cmTC_417ce/fast' failed
make: *** [cmTC_417ce/fast] Error 2


